[2025-06-18T02:50:08.384+0000] {local_task_job_runner.py:123} INFO - ::group::Pre task execution logs
[2025-06-18T02:50:08.408+0000] {taskinstance.py:2614} INFO - Dependencies all met for dep_context=non-requeueable deps ti=<TaskInstance: spark_write_to_bigquery.write_to_bq manual__2025-06-18T02:50:07.214522+00:00 [queued]>
[2025-06-18T02:50:08.423+0000] {taskinstance.py:2614} INFO - Dependencies all met for dep_context=requeueable deps ti=<TaskInstance: spark_write_to_bigquery.write_to_bq manual__2025-06-18T02:50:07.214522+00:00 [queued]>
[2025-06-18T02:50:08.423+0000] {taskinstance.py:2867} INFO - Starting attempt 1 of 1
[2025-06-18T02:50:08.440+0000] {taskinstance.py:2890} INFO - Executing <Task(SparkSubmitOperator): write_to_bq> on 2025-06-18 02:50:07.214522+00:00
[2025-06-18T02:50:08.447+0000] {standard_task_runner.py:104} INFO - Running: ['***', 'tasks', 'run', 'spark_write_to_bigquery', 'write_to_bq', 'manual__2025-06-18T02:50:07.214522+00:00', '--job-id', '3', '--raw', '--subdir', 'DAGS_FOLDER/test_spark_bq.py', '--cfg-path', '/tmp/tmpf_61bdr0']
[2025-06-18T02:50:08.448+0000] {standard_task_runner.py:105} INFO - Job 3: Subtask write_to_bq
[2025-06-18T02:50:08.450+0000] {logging_mixin.py:190} WARNING - /home/***/.local/lib/python3.12/site-packages/***/task/task_runner/standard_task_runner.py:70 DeprecationWarning: This process (pid=1551) is multi-threaded, use of fork() may lead to deadlocks in the child.
[2025-06-18T02:50:08.451+0000] {standard_task_runner.py:72} INFO - Started process 1552 to run task
[2025-06-18T02:50:08.489+0000] {task_command.py:467} INFO - Running <TaskInstance: spark_write_to_bigquery.write_to_bq manual__2025-06-18T02:50:07.214522+00:00 [running]> on host 9a450f683bb5
[2025-06-18T02:50:08.584+0000] {taskinstance.py:3134} INFO - Exporting env vars: AIRFLOW_CTX_DAG_OWNER='you' AIRFLOW_CTX_DAG_ID='spark_write_to_bigquery' AIRFLOW_CTX_TASK_ID='write_to_bq' AIRFLOW_CTX_EXECUTION_DATE='2025-06-18T02:50:07.214522+00:00' AIRFLOW_CTX_TRY_NUMBER='1' AIRFLOW_CTX_DAG_RUN_ID='manual__2025-06-18T02:50:07.214522+00:00'
[2025-06-18T02:50:08.585+0000] {taskinstance.py:732} INFO - ::endgroup::
[2025-06-18T02:50:08.628+0000] {base.py:84} INFO - Retrieving connection 'spark_default'
[2025-06-18T02:50:08.629+0000] {spark_submit.py:351} INFO - Spark-Submit cmd: spark-submit --master spark://spark-master:7077 --packages com.google.cloud.spark:spark-bigquery-with-dependencies_2.12:0.42.2 --name spark_to_bq_job --verbose /opt/bitnami/spark/app/test_bq_sent.py
[2025-06-18T02:50:10.315+0000] {spark_submit.py:521} INFO - Using properties file: null
[2025-06-18T02:50:10.450+0000] {spark_submit.py:521} INFO - Parsed arguments:
[2025-06-18T02:50:10.451+0000] {spark_submit.py:521} INFO - master                  spark://spark-master:7077
[2025-06-18T02:50:10.452+0000] {spark_submit.py:521} INFO - remote                  null
[2025-06-18T02:50:10.452+0000] {spark_submit.py:521} INFO - deployMode              null
[2025-06-18T02:50:10.452+0000] {spark_submit.py:521} INFO - executorMemory          null
[2025-06-18T02:50:10.453+0000] {spark_submit.py:521} INFO - executorCores           null
[2025-06-18T02:50:10.453+0000] {spark_submit.py:521} INFO - totalExecutorCores      null
[2025-06-18T02:50:10.454+0000] {spark_submit.py:521} INFO - propertiesFile          null
[2025-06-18T02:50:10.454+0000] {spark_submit.py:521} INFO - driverMemory            null
[2025-06-18T02:50:10.454+0000] {spark_submit.py:521} INFO - driverCores             null
[2025-06-18T02:50:10.455+0000] {spark_submit.py:521} INFO - driverExtraClassPath    null
[2025-06-18T02:50:10.456+0000] {spark_submit.py:521} INFO - driverExtraLibraryPath  null
[2025-06-18T02:50:10.457+0000] {spark_submit.py:521} INFO - driverExtraJavaOptions  null
[2025-06-18T02:50:10.457+0000] {spark_submit.py:521} INFO - supervise               false
[2025-06-18T02:50:10.458+0000] {spark_submit.py:521} INFO - queue                   null
[2025-06-18T02:50:10.458+0000] {spark_submit.py:521} INFO - numExecutors            null
[2025-06-18T02:50:10.459+0000] {spark_submit.py:521} INFO - files                   null
[2025-06-18T02:50:10.459+0000] {spark_submit.py:521} INFO - pyFiles                 null
[2025-06-18T02:50:10.460+0000] {spark_submit.py:521} INFO - archives                null
[2025-06-18T02:50:10.460+0000] {spark_submit.py:521} INFO - mainClass               null
[2025-06-18T02:50:10.461+0000] {spark_submit.py:521} INFO - primaryResource         file:/opt/bitnami/spark/app/test_bq_sent.py
[2025-06-18T02:50:10.461+0000] {spark_submit.py:521} INFO - name                    spark_to_bq_job
[2025-06-18T02:50:10.461+0000] {spark_submit.py:521} INFO - childArgs               []
[2025-06-18T02:50:10.462+0000] {spark_submit.py:521} INFO - jars                    null
[2025-06-18T02:50:10.462+0000] {spark_submit.py:521} INFO - packages                com.google.cloud.spark:spark-bigquery-with-dependencies_2.12:0.42.2
[2025-06-18T02:50:10.462+0000] {spark_submit.py:521} INFO - packagesExclusions      null
[2025-06-18T02:50:10.463+0000] {spark_submit.py:521} INFO - repositories            null
[2025-06-18T02:50:10.463+0000] {spark_submit.py:521} INFO - verbose                 true
[2025-06-18T02:50:10.463+0000] {spark_submit.py:521} INFO - 
[2025-06-18T02:50:10.464+0000] {spark_submit.py:521} INFO - Spark properties used, including those specified through
[2025-06-18T02:50:10.464+0000] {spark_submit.py:521} INFO - --conf and those from the properties file null:
[2025-06-18T02:50:10.465+0000] {spark_submit.py:521} INFO - 
[2025-06-18T02:50:10.465+0000] {spark_submit.py:521} INFO - 
[2025-06-18T02:50:10.465+0000] {spark_submit.py:521} INFO - 
[2025-06-18T02:50:10.622+0000] {spark_submit.py:521} INFO - :: loading settings :: url = jar:file:/opt/spark/jars/ivy-2.5.1.jar!/org/apache/ivy/core/settings/ivysettings.xml
[2025-06-18T02:50:10.719+0000] {spark_submit.py:521} INFO - Ivy Default Cache set to: /home/***/.ivy2/cache
[2025-06-18T02:50:10.720+0000] {spark_submit.py:521} INFO - The jars for the packages stored in: /home/***/.ivy2/jars
[2025-06-18T02:50:10.723+0000] {spark_submit.py:521} INFO - com.google.cloud.spark#spark-bigquery-with-dependencies_2.12 added as a dependency
[2025-06-18T02:50:10.724+0000] {spark_submit.py:521} INFO - :: resolving dependencies :: org.apache.spark#spark-submit-parent-5e772d0d-dfd3-47e8-a431-1bd467e66a71;1.0
[2025-06-18T02:50:10.724+0000] {spark_submit.py:521} INFO - confs: [default]
[2025-06-18T02:50:32.391+0000] {spark_submit.py:521} INFO - found com.google.cloud.spark#spark-bigquery-with-dependencies_2.12;0.42.2 in central
[2025-06-18T02:50:32.138+0000] {spark_submit.py:521} INFO - downloading https://repo1.maven.org/maven2/com/google/cloud/spark/spark-bigquery-with-dependencies_2.12/0.42.2/spark-bigquery-with-dependencies_2.12-0.42.2.jar ...
[2025-06-18T02:50:38.433+0000] {spark_submit.py:521} INFO - [SUCCESSFUL ] com.google.cloud.spark#spark-bigquery-with-dependencies_2.12;0.42.2!spark-bigquery-with-dependencies_2.12.jar (6033ms)
[2025-06-18T02:50:38.435+0000] {spark_submit.py:521} INFO - :: resolution report :: resolve 21675ms :: artifacts dl 6035ms
[2025-06-18T02:50:38.435+0000] {spark_submit.py:521} INFO - :: modules in use:
[2025-06-18T02:50:38.436+0000] {spark_submit.py:521} INFO - com.google.cloud.spark#spark-bigquery-with-dependencies_2.12;0.42.2 from central in [default]
[2025-06-18T02:50:38.436+0000] {spark_submit.py:521} INFO - ---------------------------------------------------------------------
[2025-06-18T02:50:38.437+0000] {spark_submit.py:521} INFO - |                  |            modules            ||   artifacts   |
[2025-06-18T02:50:38.437+0000] {spark_submit.py:521} INFO - |       conf       | number| search|dwnlded|evicted|| number|dwnlded|
[2025-06-18T02:50:38.437+0000] {spark_submit.py:521} INFO - ---------------------------------------------------------------------
[2025-06-18T02:50:38.437+0000] {spark_submit.py:521} INFO - |      default     |   1   |   1   |   1   |   0   ||   1   |   1   |
[2025-06-18T02:50:38.438+0000] {spark_submit.py:521} INFO - ---------------------------------------------------------------------
[2025-06-18T02:50:38.438+0000] {spark_submit.py:521} INFO - :: retrieving :: org.apache.spark#spark-submit-parent-5e772d0d-dfd3-47e8-a431-1bd467e66a71
[2025-06-18T02:50:38.439+0000] {spark_submit.py:521} INFO - confs: [default]
[2025-06-18T02:50:38.506+0000] {spark_submit.py:521} INFO - 1 artifacts copied, 0 already retrieved (54708kB/67ms)
[2025-06-18T02:50:38.743+0000] {spark_submit.py:521} INFO - 25/06/18 02:50:38 WARN NativeCodeLoader: Unable to load native-hadoop library for your platform... using builtin-java classes where applicable
[2025-06-18T02:50:38.960+0000] {spark_submit.py:521} INFO - Main class:
[2025-06-18T02:50:38.961+0000] {spark_submit.py:521} INFO - org.apache.spark.deploy.PythonRunner
[2025-06-18T02:50:38.961+0000] {spark_submit.py:521} INFO - Arguments:
[2025-06-18T02:50:38.962+0000] {spark_submit.py:521} INFO - file:/opt/bitnami/spark/app/test_bq_sent.py
[2025-06-18T02:50:38.962+0000] {spark_submit.py:521} INFO - file:///home/***/.ivy2/jars/com.google.cloud.spark_spark-bigquery-with-dependencies_2.12-0.42.2.jar
[2025-06-18T02:50:38.964+0000] {spark_submit.py:521} INFO - Spark config:
[2025-06-18T02:50:38.965+0000] {spark_submit.py:521} INFO - (spark.app.name,spark_to_bq_job)
[2025-06-18T02:50:38.965+0000] {spark_submit.py:521} INFO - (spark.app.submitTime,1750215038941)
[2025-06-18T02:50:38.965+0000] {spark_submit.py:521} INFO - (spark.files,file:///home/***/.ivy2/jars/com.google.cloud.spark_spark-bigquery-with-dependencies_2.12-0.42.2.jar)
[2025-06-18T02:50:38.966+0000] {spark_submit.py:521} INFO - (spark.jars,file:///home/***/.ivy2/jars/com.google.cloud.spark_spark-bigquery-with-dependencies_2.12-0.42.2.jar)
[2025-06-18T02:50:38.966+0000] {spark_submit.py:521} INFO - (spark.master,spark://spark-master:7077)
[2025-06-18T02:50:38.966+0000] {spark_submit.py:521} INFO - (spark.repl.local.jars,file:///home/***/.ivy2/jars/com.google.cloud.spark_spark-bigquery-with-dependencies_2.12-0.42.2.jar)
[2025-06-18T02:50:38.967+0000] {spark_submit.py:521} INFO - (spark.submit.deployMode,client)
[2025-06-18T02:50:38.967+0000] {spark_submit.py:521} INFO - (spark.submit.pyFiles,/home/***/.ivy2/jars/com.google.cloud.spark_spark-bigquery-with-dependencies_2.12-0.42.2.jar)
[2025-06-18T02:50:38.967+0000] {spark_submit.py:521} INFO - Classpath elements:
[2025-06-18T02:50:38.968+0000] {spark_submit.py:521} INFO - file:///home/***/.ivy2/jars/com.google.cloud.spark_spark-bigquery-with-dependencies_2.12-0.42.2.jar
[2025-06-18T02:50:38.968+0000] {spark_submit.py:521} INFO - 
[2025-06-18T02:50:38.968+0000] {spark_submit.py:521} INFO - 
[2025-06-18T02:50:40.496+0000] {spark_submit.py:521} INFO - 25/06/18 02:50:40 INFO SparkContext: Running Spark version 3.5.2
[2025-06-18T02:50:40.497+0000] {spark_submit.py:521} INFO - 25/06/18 02:50:40 INFO SparkContext: OS info Linux, 5.15.146.1-microsoft-standard-WSL2, amd64
[2025-06-18T02:50:40.497+0000] {spark_submit.py:521} INFO - 25/06/18 02:50:40 INFO SparkContext: Java version 17.0.15
[2025-06-18T02:50:40.520+0000] {spark_submit.py:521} INFO - 25/06/18 02:50:40 INFO ResourceUtils: ==============================================================
[2025-06-18T02:50:40.521+0000] {spark_submit.py:521} INFO - 25/06/18 02:50:40 INFO ResourceUtils: No custom resources configured for spark.driver.
[2025-06-18T02:50:40.521+0000] {spark_submit.py:521} INFO - 25/06/18 02:50:40 INFO ResourceUtils: ==============================================================
[2025-06-18T02:50:40.521+0000] {spark_submit.py:521} INFO - 25/06/18 02:50:40 INFO SparkContext: Submitted application: WriteToBigQuery
[2025-06-18T02:50:40.542+0000] {spark_submit.py:521} INFO - 25/06/18 02:50:40 INFO ResourceProfile: Default ResourceProfile created, executor resources: Map(memory -> name: memory, amount: 1024, script: , vendor: , offHeap -> name: offHeap, amount: 0, script: , vendor: ), task resources: Map(cpus -> name: cpus, amount: 1.0)
[2025-06-18T02:50:40.550+0000] {spark_submit.py:521} INFO - 25/06/18 02:50:40 INFO ResourceProfile: Limiting resource is cpu
[2025-06-18T02:50:40.551+0000] {spark_submit.py:521} INFO - 25/06/18 02:50:40 INFO ResourceProfileManager: Added ResourceProfile id: 0
[2025-06-18T02:50:40.604+0000] {spark_submit.py:521} INFO - 25/06/18 02:50:40 INFO SecurityManager: Changing view acls to: ***
[2025-06-18T02:50:40.605+0000] {spark_submit.py:521} INFO - 25/06/18 02:50:40 INFO SecurityManager: Changing modify acls to: ***
[2025-06-18T02:50:40.605+0000] {spark_submit.py:521} INFO - 25/06/18 02:50:40 INFO SecurityManager: Changing view acls groups to:
[2025-06-18T02:50:40.606+0000] {spark_submit.py:521} INFO - 25/06/18 02:50:40 INFO SecurityManager: Changing modify acls groups to:
[2025-06-18T02:50:40.606+0000] {spark_submit.py:521} INFO - 25/06/18 02:50:40 INFO SecurityManager: SecurityManager: authentication disabled; ui acls disabled; users with view permissions: ***; groups with view permissions: EMPTY; users with modify permissions: ***; groups with modify permissions: EMPTY
[2025-06-18T02:50:40.821+0000] {spark_submit.py:521} INFO - 25/06/18 02:50:40 INFO Utils: Successfully started service 'sparkDriver' on port 40209.
[2025-06-18T02:50:40.849+0000] {spark_submit.py:521} INFO - 25/06/18 02:50:40 INFO SparkEnv: Registering MapOutputTracker
[2025-06-18T02:50:40.881+0000] {spark_submit.py:521} INFO - 25/06/18 02:50:40 INFO SparkEnv: Registering BlockManagerMaster
[2025-06-18T02:50:40.898+0000] {spark_submit.py:521} INFO - 25/06/18 02:50:40 INFO BlockManagerMasterEndpoint: Using org.apache.spark.storage.DefaultTopologyMapper for getting topology information
[2025-06-18T02:50:40.899+0000] {spark_submit.py:521} INFO - 25/06/18 02:50:40 INFO BlockManagerMasterEndpoint: BlockManagerMasterEndpoint up
[2025-06-18T02:50:40.902+0000] {spark_submit.py:521} INFO - 25/06/18 02:50:40 INFO SparkEnv: Registering BlockManagerMasterHeartbeat
[2025-06-18T02:50:40.926+0000] {spark_submit.py:521} INFO - 25/06/18 02:50:40 INFO DiskBlockManager: Created local directory at /tmp/blockmgr-bb384bbc-48fc-4bb3-b917-323170ebab9f
[2025-06-18T02:50:40.937+0000] {spark_submit.py:521} INFO - 25/06/18 02:50:40 INFO MemoryStore: MemoryStore started with capacity 434.4 MiB
[2025-06-18T02:50:40.950+0000] {spark_submit.py:521} INFO - 25/06/18 02:50:40 INFO SparkEnv: Registering OutputCommitCoordinator
[2025-06-18T02:50:41.071+0000] {spark_submit.py:521} INFO - 25/06/18 02:50:41 INFO JettyUtils: Start Jetty 0.0.0.0:4040 for SparkUI
[2025-06-18T02:50:41.127+0000] {spark_submit.py:521} INFO - 25/06/18 02:50:41 INFO Utils: Successfully started service 'SparkUI' on port 4040.
[2025-06-18T02:50:41.164+0000] {spark_submit.py:521} INFO - 25/06/18 02:50:41 INFO SparkContext: Added JAR file:///home/***/.ivy2/jars/com.google.cloud.spark_spark-bigquery-with-dependencies_2.12-0.42.2.jar at spark://9a450f683bb5:40209/jars/com.google.cloud.spark_spark-bigquery-with-dependencies_2.12-0.42.2.jar with timestamp 1750215040489
[2025-06-18T02:50:41.167+0000] {spark_submit.py:521} INFO - 25/06/18 02:50:41 INFO SparkContext: Added file file:///home/***/.ivy2/jars/com.google.cloud.spark_spark-bigquery-with-dependencies_2.12-0.42.2.jar at spark://9a450f683bb5:40209/files/com.google.cloud.spark_spark-bigquery-with-dependencies_2.12-0.42.2.jar with timestamp 1750215040489
[2025-06-18T02:50:41.168+0000] {spark_submit.py:521} INFO - 25/06/18 02:50:41 INFO Utils: Copying /home/***/.ivy2/jars/com.google.cloud.spark_spark-bigquery-with-dependencies_2.12-0.42.2.jar to /tmp/spark-b4d5d934-47f7-47d0-b53d-723efd4508a3/userFiles-83f122fa-f0ef-498c-85b6-57cc4d7670e3/com.google.cloud.spark_spark-bigquery-with-dependencies_2.12-0.42.2.jar
[2025-06-18T02:50:41.289+0000] {spark_submit.py:521} INFO - 25/06/18 02:50:41 INFO StandaloneAppClient$ClientEndpoint: Connecting to master spark://spark-master:7077...
[2025-06-18T02:50:41.330+0000] {spark_submit.py:521} INFO - 25/06/18 02:50:41 INFO TransportClientFactory: Successfully created connection to spark-master/172.18.0.4:7077 after 26 ms (0 ms spent in bootstraps)
[2025-06-18T02:50:41.413+0000] {spark_submit.py:521} INFO - 25/06/18 02:50:41 INFO StandaloneSchedulerBackend: Connected to Spark cluster with app ID app-20250618025041-0007
[2025-06-18T02:50:41.414+0000] {spark_submit.py:521} INFO - 25/06/18 02:50:41 INFO StandaloneAppClient$ClientEndpoint: Executor added: app-20250618025041-0007/0 on worker-20250618015902-172.18.0.2-42529 (172.18.0.2:42529) with 2 core(s)
[2025-06-18T02:50:41.416+0000] {spark_submit.py:521} INFO - 25/06/18 02:50:41 INFO StandaloneSchedulerBackend: Granted executor ID app-20250618025041-0007/0 on hostPort 172.18.0.2:42529 with 2 core(s), 1024.0 MiB RAM
[2025-06-18T02:50:41.421+0000] {spark_submit.py:521} INFO - 25/06/18 02:50:41 INFO Utils: Successfully started service 'org.apache.spark.network.netty.NettyBlockTransferService' on port 45759.
[2025-06-18T02:50:41.421+0000] {spark_submit.py:521} INFO - 25/06/18 02:50:41 INFO NettyBlockTransferService: Server created on 9a450f683bb5:45759
[2025-06-18T02:50:41.422+0000] {spark_submit.py:521} INFO - 25/06/18 02:50:41 INFO BlockManager: Using org.apache.spark.storage.RandomBlockReplicationPolicy for block replication policy
[2025-06-18T02:50:41.429+0000] {spark_submit.py:521} INFO - 25/06/18 02:50:41 INFO BlockManagerMaster: Registering BlockManager BlockManagerId(driver, 9a450f683bb5, 45759, None)
[2025-06-18T02:50:41.432+0000] {spark_submit.py:521} INFO - 25/06/18 02:50:41 INFO BlockManagerMasterEndpoint: Registering block manager 9a450f683bb5:45759 with 434.4 MiB RAM, BlockManagerId(driver, 9a450f683bb5, 45759, None)
[2025-06-18T02:50:41.434+0000] {spark_submit.py:521} INFO - 25/06/18 02:50:41 INFO BlockManagerMaster: Registered BlockManager BlockManagerId(driver, 9a450f683bb5, 45759, None)
[2025-06-18T02:50:41.436+0000] {spark_submit.py:521} INFO - 25/06/18 02:50:41 INFO BlockManager: Initialized BlockManager: BlockManagerId(driver, 9a450f683bb5, 45759, None)
[2025-06-18T02:50:41.460+0000] {spark_submit.py:521} INFO - 25/06/18 02:50:41 INFO StandaloneAppClient$ClientEndpoint: Executor updated: app-20250618025041-0007/0 is now RUNNING
[2025-06-18T02:50:41.662+0000] {spark_submit.py:521} INFO - 25/06/18 02:50:41 INFO StandaloneSchedulerBackend: SchedulerBackend is ready for scheduling beginning after reached minRegisteredResourcesRatio: 0.0
[2025-06-18T02:50:43.667+0000] {spark_submit.py:521} INFO - 25/06/18 02:50:43 INFO StandaloneSchedulerBackend$StandaloneDriverEndpoint: Registered executor NettyRpcEndpointRef(spark-client://Executor) (172.18.0.2:42930) with ID 0,  ResourceProfileId 0
[2025-06-18T02:50:43.728+0000] {spark_submit.py:521} INFO - 25/06/18 02:50:43 INFO BlockManagerMasterEndpoint: Registering block manager 172.18.0.2:38859 with 434.4 MiB RAM, BlockManagerId(0, 172.18.0.2, 38859, None)
[2025-06-18T02:50:43.982+0000] {spark_submit.py:521} INFO - 25/06/18 02:50:43 INFO SharedState: Setting hive.metastore.warehouse.dir ('null') to the value of spark.sql.warehouse.dir.
[2025-06-18T02:50:43.984+0000] {spark_submit.py:521} INFO - 25/06/18 02:50:43 INFO SharedState: Warehouse path is 'file:/opt/***/spark-warehouse'.
[2025-06-18T02:50:46.918+0000] {spark_submit.py:521} INFO - 25/06/18 02:50:46 INFO SparkBigQueryConnectorModule: Registering cleanup jobs listener, should happen just once
[2025-06-18T02:50:50.121+0000] {spark_submit.py:521} INFO - 25/06/18 02:50:50 INFO CodeGenerator: Code generated in 179.310921 ms
[2025-06-18T02:50:50.270+0000] {spark_submit.py:521} INFO - 25/06/18 02:50:50 INFO SparkContext: Starting job: collect at BigQueryDataSourceWriterInsertableRelation.java:89
[2025-06-18T02:50:50.290+0000] {spark_submit.py:521} INFO - 25/06/18 02:50:50 INFO DAGScheduler: Got job 0 (collect at BigQueryDataSourceWriterInsertableRelation.java:89) with 2 output partitions
[2025-06-18T02:50:50.291+0000] {spark_submit.py:521} INFO - 25/06/18 02:50:50 INFO DAGScheduler: Final stage: ResultStage 0 (collect at BigQueryDataSourceWriterInsertableRelation.java:89)
[2025-06-18T02:50:50.291+0000] {spark_submit.py:521} INFO - 25/06/18 02:50:50 INFO DAGScheduler: Parents of final stage: List()
[2025-06-18T02:50:50.292+0000] {spark_submit.py:521} INFO - 25/06/18 02:50:50 INFO DAGScheduler: Missing parents: List()
[2025-06-18T02:50:50.295+0000] {spark_submit.py:521} INFO - 25/06/18 02:50:50 INFO DAGScheduler: Submitting ResultStage 0 (MapPartitionsRDD[9] at mapPartitionsWithIndex at BigQueryDataSourceWriterInsertableRelation.java:87), which has no missing parents
[2025-06-18T02:50:50.354+0000] {spark_submit.py:521} INFO - 25/06/18 02:50:50 INFO MemoryStore: Block broadcast_0 stored as values in memory (estimated size 32.0 KiB, free 434.4 MiB)
[2025-06-18T02:50:50.393+0000] {spark_submit.py:521} INFO - 25/06/18 02:50:50 INFO MemoryStore: Block broadcast_0_piece0 stored as bytes in memory (estimated size 15.7 KiB, free 434.4 MiB)
[2025-06-18T02:50:50.395+0000] {spark_submit.py:521} INFO - 25/06/18 02:50:50 INFO BlockManagerInfo: Added broadcast_0_piece0 in memory on 9a450f683bb5:45759 (size: 15.7 KiB, free: 434.4 MiB)
[2025-06-18T02:50:50.400+0000] {spark_submit.py:521} INFO - 25/06/18 02:50:50 INFO SparkContext: Created broadcast 0 from broadcast at DAGScheduler.scala:1585
[2025-06-18T02:50:50.421+0000] {spark_submit.py:521} INFO - 25/06/18 02:50:50 INFO DAGScheduler: Submitting 2 missing tasks from ResultStage 0 (MapPartitionsRDD[9] at mapPartitionsWithIndex at BigQueryDataSourceWriterInsertableRelation.java:87) (first 15 tasks are for partitions Vector(0, 1))
[2025-06-18T02:50:50.422+0000] {spark_submit.py:521} INFO - 25/06/18 02:50:50 INFO TaskSchedulerImpl: Adding task set 0.0 with 2 tasks resource profile 0
[2025-06-18T02:50:50.447+0000] {spark_submit.py:521} INFO - 25/06/18 02:50:50 INFO TaskSetManager: Starting task 0.0 in stage 0.0 (TID 0) (172.18.0.2, executor 0, partition 0, PROCESS_LOCAL, 9335 bytes)
[2025-06-18T02:50:50.450+0000] {spark_submit.py:521} INFO - 25/06/18 02:50:50 INFO TaskSetManager: Starting task 1.0 in stage 0.0 (TID 1) (172.18.0.2, executor 0, partition 1, PROCESS_LOCAL, 9373 bytes)
[2025-06-18T02:50:50.674+0000] {spark_submit.py:521} INFO - 25/06/18 02:50:50 INFO BlockManagerInfo: Added broadcast_0_piece0 in memory on 172.18.0.2:38859 (size: 15.7 KiB, free: 434.4 MiB)
[2025-06-18T02:50:55.405+0000] {spark_submit.py:521} INFO - 25/06/18 02:50:55 INFO TaskSetManager: Finished task 0.0 in stage 0.0 (TID 0) in 4966 ms on 172.18.0.2 (executor 0) (1/2)
[2025-06-18T02:50:55.408+0000] {spark_submit.py:521} INFO - 25/06/18 02:50:55 INFO PythonAccumulatorV2: Connected to AccumulatorServer at host: 127.0.0.1 port: 46749
[2025-06-18T02:50:56.408+0000] {spark_submit.py:521} INFO - 25/06/18 02:50:56 INFO TaskSetManager: Finished task 1.0 in stage 0.0 (TID 1) in 5957 ms on 172.18.0.2 (executor 0) (2/2)
[2025-06-18T02:50:56.408+0000] {spark_submit.py:521} INFO - 25/06/18 02:50:56 INFO TaskSchedulerImpl: Removed TaskSet 0.0, whose tasks have all completed, from pool
[2025-06-18T02:50:56.409+0000] {spark_submit.py:521} INFO - 25/06/18 02:50:56 INFO DAGScheduler: ResultStage 0 (collect at BigQueryDataSourceWriterInsertableRelation.java:89) finished in 6.103 s
[2025-06-18T02:50:56.413+0000] {spark_submit.py:521} INFO - 25/06/18 02:50:56 INFO DAGScheduler: Job 0 is finished. Cancelling potential speculative or zombie tasks for this job
[2025-06-18T02:50:56.414+0000] {spark_submit.py:521} INFO - 25/06/18 02:50:56 INFO TaskSchedulerImpl: Killing all running tasks in stage 0: Stage finished
[2025-06-18T02:50:56.415+0000] {spark_submit.py:521} INFO - 25/06/18 02:50:56 INFO DAGScheduler: Job 0 finished: collect at BigQueryDataSourceWriterInsertableRelation.java:89, took 6.145134 s
[2025-06-18T02:50:56.420+0000] {spark_submit.py:521} INFO - 25/06/18 02:50:56 INFO BigQueryDirectDataSourceWriterContext: BigQuery DataSource writer 9b987926-dd67-4f15-9744-a480332a47ab committed with messages:
[2025-06-18T02:50:56.421+0000] {spark_submit.py:521} INFO - [BigQueryWriterCommitMessage{partitionId=0, taskId=0, epochId=1750215050159, tableId='projects/datapipeline467803/datasets/tmdb_dw/tables/fact_movie'}, BigQueryWriterCommitMessage{partitionId=1, taskId=0, epochId=1750215050159, tableId='projects/datapipeline467803/datasets/tmdb_dw/tables/fact_movie'}]
[2025-06-18T02:50:57.332+0000] {spark_submit.py:521} INFO - 25/06/18 02:50:57 INFO BlockManagerInfo: Removed broadcast_0_piece0 on 9a450f683bb5:45759 in memory (size: 15.7 KiB, free: 434.4 MiB)
[2025-06-18T02:50:57.337+0000] {spark_submit.py:521} INFO - 25/06/18 02:50:57 INFO BigQueryDirectDataSourceWriterContext: BigQuery DataSource writer has committed at time: seconds: 1750215054
[2025-06-18T02:50:57.338+0000] {spark_submit.py:521} INFO - nanos: 847965000
[2025-06-18T02:50:57.339+0000] {spark_submit.py:521} INFO - 
[2025-06-18T02:50:57.340+0000] {spark_submit.py:521} INFO - 25/06/18 02:50:57 INFO BlockManagerInfo: Removed broadcast_0_piece0 on 172.18.0.2:38859 in memory (size: 15.7 KiB, free: 434.4 MiB)
[2025-06-18T02:50:57.344+0000] {spark_submit.py:521} INFO - 25/06/18 02:50:57 INFO SparkContext: SparkContext is stopping with exitCode 0.
[2025-06-18T02:50:57.345+0000] {spark_submit.py:521} INFO - 25/06/18 02:50:57 INFO SparkBigQueryConnectorModule: In SparkListener.onApplicationEnd, going to activate cleanup jobs
[2025-06-18T02:50:57.346+0000] {spark_submit.py:521} INFO - 25/06/18 02:50:57 INFO BigQueryClient: Running cleanup jobs. Jobs count is 0
[2025-06-18T02:50:57.346+0000] {spark_submit.py:521} INFO - 25/06/18 02:50:57 INFO BigQueryClient: Clearing the cleanup jobs list
[2025-06-18T02:50:57.347+0000] {spark_submit.py:521} INFO - 25/06/18 02:50:57 INFO BigQueryClient: Finished to run cleanup jobs.
[2025-06-18T02:50:57.357+0000] {spark_submit.py:521} INFO - 25/06/18 02:50:57 INFO SparkUI: Stopped Spark web UI at http://9a450f683bb5:4040
[2025-06-18T02:50:57.360+0000] {spark_submit.py:521} INFO - 25/06/18 02:50:57 INFO StandaloneSchedulerBackend: Shutting down all executors
[2025-06-18T02:50:57.361+0000] {spark_submit.py:521} INFO - 25/06/18 02:50:57 INFO StandaloneSchedulerBackend$StandaloneDriverEndpoint: Asking each executor to shut down
[2025-06-18T02:50:57.380+0000] {spark_submit.py:521} INFO - 25/06/18 02:50:57 INFO MapOutputTrackerMasterEndpoint: MapOutputTrackerMasterEndpoint stopped!
[2025-06-18T02:50:57.397+0000] {spark_submit.py:521} INFO - 25/06/18 02:50:57 INFO MemoryStore: MemoryStore cleared
[2025-06-18T02:50:57.397+0000] {spark_submit.py:521} INFO - 25/06/18 02:50:57 INFO BlockManager: BlockManager stopped
[2025-06-18T02:50:57.399+0000] {spark_submit.py:521} INFO - 25/06/18 02:50:57 INFO BlockManagerMaster: BlockManagerMaster stopped
[2025-06-18T02:50:57.401+0000] {spark_submit.py:521} INFO - 25/06/18 02:50:57 INFO OutputCommitCoordinator$OutputCommitCoordinatorEndpoint: OutputCommitCoordinator stopped!
[2025-06-18T02:50:57.416+0000] {spark_submit.py:521} INFO - 25/06/18 02:50:57 INFO SparkContext: Successfully stopped SparkContext
[2025-06-18T02:50:58.547+0000] {spark_submit.py:521} INFO - 25/06/18 02:50:58 INFO ShutdownHookManager: Shutdown hook called
[2025-06-18T02:50:58.548+0000] {spark_submit.py:521} INFO - 25/06/18 02:50:58 INFO ShutdownHookManager: Deleting directory /tmp/spark-b4d5d934-47f7-47d0-b53d-723efd4508a3/pyspark-33134012-5391-4521-9a79-3615ee1994b8
[2025-06-18T02:50:58.552+0000] {spark_submit.py:521} INFO - 25/06/18 02:50:58 INFO ShutdownHookManager: Deleting directory /tmp/spark-b4d5d934-47f7-47d0-b53d-723efd4508a3
[2025-06-18T02:50:58.556+0000] {spark_submit.py:521} INFO - 25/06/18 02:50:58 INFO ShutdownHookManager: Deleting directory /tmp/spark-589d9506-5ec0-452b-aad7-1fef14f50e28
[2025-06-18T02:50:58.946+0000] {taskinstance.py:341} INFO - ::group::Post task execution logs
[2025-06-18T02:50:58.947+0000] {taskinstance.py:353} INFO - Marking task as SUCCESS. dag_id=spark_write_to_bigquery, task_id=write_to_bq, run_id=manual__2025-06-18T02:50:07.214522+00:00, execution_date=20250618T025007, start_date=20250618T025008, end_date=20250618T025058
[2025-06-18T02:50:58.986+0000] {local_task_job_runner.py:266} INFO - Task exited with return code 0
[2025-06-18T02:50:59.002+0000] {taskinstance.py:3901} INFO - 0 downstream tasks scheduled from follow-on schedule check
[2025-06-18T02:50:59.004+0000] {local_task_job_runner.py:245} INFO - ::endgroup::
