[2025-06-05T08:57:31.210+0000] {local_task_job_runner.py:123} INFO - ::group::Pre task execution logs
[2025-06-05T08:57:31.226+0000] {taskinstance.py:2614} INFO - Dependencies all met for dep_context=non-requeueable deps ti=<TaskInstance: spark_wordcount.run_wordcount manual__2025-06-05T08:57:30.327920+00:00 [queued]>
[2025-06-05T08:57:31.234+0000] {taskinstance.py:2614} INFO - Dependencies all met for dep_context=requeueable deps ti=<TaskInstance: spark_wordcount.run_wordcount manual__2025-06-05T08:57:30.327920+00:00 [queued]>
[2025-06-05T08:57:31.234+0000] {taskinstance.py:2867} INFO - Starting attempt 1 of 1
[2025-06-05T08:57:31.247+0000] {taskinstance.py:2890} INFO - Executing <Task(SparkSubmitOperator): run_wordcount> on 2025-06-05 08:57:30.327920+00:00
[2025-06-05T08:57:31.254+0000] {standard_task_runner.py:104} INFO - Running: ['***', 'tasks', 'run', 'spark_wordcount', 'run_wordcount', 'manual__2025-06-05T08:57:30.327920+00:00', '--job-id', '7', '--raw', '--subdir', 'DAGS_FOLDER/test_spark.py', '--cfg-path', '/tmp/tmp2bn2__hp']
[2025-06-05T08:57:31.258+0000] {standard_task_runner.py:105} INFO - Job 7: Subtask run_wordcount
[2025-06-05T08:57:31.258+0000] {logging_mixin.py:190} WARNING - /home/***/.local/lib/python3.12/site-packages/***/task/task_runner/standard_task_runner.py:70 DeprecationWarning: This process (pid=1107) is multi-threaded, use of fork() may lead to deadlocks in the child.
[2025-06-05T08:57:31.259+0000] {standard_task_runner.py:72} INFO - Started process 1108 to run task
[2025-06-05T08:57:31.318+0000] {task_command.py:467} INFO - Running <TaskInstance: spark_wordcount.run_wordcount manual__2025-06-05T08:57:30.327920+00:00 [running]> on host d8f42655c8a1
[2025-06-05T08:57:31.393+0000] {taskinstance.py:3134} INFO - Exporting env vars: AIRFLOW_CTX_DAG_OWNER='Polakorn Anantapakorn' AIRFLOW_CTX_DAG_ID='spark_wordcount' AIRFLOW_CTX_TASK_ID='run_wordcount' AIRFLOW_CTX_EXECUTION_DATE='2025-06-05T08:57:30.327920+00:00' AIRFLOW_CTX_TRY_NUMBER='1' AIRFLOW_CTX_DAG_RUN_ID='manual__2025-06-05T08:57:30.327920+00:00'
[2025-06-05T08:57:31.394+0000] {taskinstance.py:732} INFO - ::endgroup::
[2025-06-05T08:57:31.415+0000] {base.py:84} INFO - Retrieving connection 'spark_default'
[2025-06-05T08:57:31.416+0000] {spark_submit.py:351} INFO - Spark-Submit cmd: spark-submit --master spark://spark-master:7077 --name arrow-spark --verbose /opt/bitnami/spark/app/wordcount.py
[2025-06-05T08:57:32.336+0000] {spark_submit.py:521} INFO - Using properties file: null
[2025-06-05T08:57:32.434+0000] {spark_submit.py:521} INFO - Parsed arguments:
[2025-06-05T08:57:32.435+0000] {spark_submit.py:521} INFO - master                  spark://spark-master:7077
[2025-06-05T08:57:32.435+0000] {spark_submit.py:521} INFO - remote                  null
[2025-06-05T08:57:32.435+0000] {spark_submit.py:521} INFO - deployMode              null
[2025-06-05T08:57:32.436+0000] {spark_submit.py:521} INFO - executorMemory          null
[2025-06-05T08:57:32.436+0000] {spark_submit.py:521} INFO - executorCores           null
[2025-06-05T08:57:32.436+0000] {spark_submit.py:521} INFO - totalExecutorCores      null
[2025-06-05T08:57:32.436+0000] {spark_submit.py:521} INFO - propertiesFile          null
[2025-06-05T08:57:32.437+0000] {spark_submit.py:521} INFO - driverMemory            null
[2025-06-05T08:57:32.437+0000] {spark_submit.py:521} INFO - driverCores             null
[2025-06-05T08:57:32.437+0000] {spark_submit.py:521} INFO - driverExtraClassPath    null
[2025-06-05T08:57:32.437+0000] {spark_submit.py:521} INFO - driverExtraLibraryPath  null
[2025-06-05T08:57:32.438+0000] {spark_submit.py:521} INFO - driverExtraJavaOptions  null
[2025-06-05T08:57:32.438+0000] {spark_submit.py:521} INFO - supervise               false
[2025-06-05T08:57:32.438+0000] {spark_submit.py:521} INFO - queue                   null
[2025-06-05T08:57:32.439+0000] {spark_submit.py:521} INFO - numExecutors            null
[2025-06-05T08:57:32.439+0000] {spark_submit.py:521} INFO - files                   null
[2025-06-05T08:57:32.439+0000] {spark_submit.py:521} INFO - pyFiles                 null
[2025-06-05T08:57:32.440+0000] {spark_submit.py:521} INFO - archives                null
[2025-06-05T08:57:32.440+0000] {spark_submit.py:521} INFO - mainClass               null
[2025-06-05T08:57:32.441+0000] {spark_submit.py:521} INFO - primaryResource         file:/opt/bitnami/spark/app/wordcount.py
[2025-06-05T08:57:32.441+0000] {spark_submit.py:521} INFO - name                    arrow-spark
[2025-06-05T08:57:32.441+0000] {spark_submit.py:521} INFO - childArgs               []
[2025-06-05T08:57:32.442+0000] {spark_submit.py:521} INFO - jars                    null
[2025-06-05T08:57:32.442+0000] {spark_submit.py:521} INFO - packages                null
[2025-06-05T08:57:32.442+0000] {spark_submit.py:521} INFO - packagesExclusions      null
[2025-06-05T08:57:32.443+0000] {spark_submit.py:521} INFO - repositories            null
[2025-06-05T08:57:32.443+0000] {spark_submit.py:521} INFO - verbose                 true
[2025-06-05T08:57:32.443+0000] {spark_submit.py:521} INFO - 
[2025-06-05T08:57:32.444+0000] {spark_submit.py:521} INFO - Spark properties used, including those specified through
[2025-06-05T08:57:32.444+0000] {spark_submit.py:521} INFO - --conf and those from the properties file null:
[2025-06-05T08:57:32.444+0000] {spark_submit.py:521} INFO - 
[2025-06-05T08:57:32.445+0000] {spark_submit.py:521} INFO - 
[2025-06-05T08:57:32.445+0000] {spark_submit.py:521} INFO - 
[2025-06-05T08:57:32.660+0000] {spark_submit.py:521} INFO - Main class:
[2025-06-05T08:57:32.661+0000] {spark_submit.py:521} INFO - org.apache.spark.deploy.PythonRunner
[2025-06-05T08:57:32.661+0000] {spark_submit.py:521} INFO - Arguments:
[2025-06-05T08:57:32.662+0000] {spark_submit.py:521} INFO - file:/opt/bitnami/spark/app/wordcount.py
[2025-06-05T08:57:32.662+0000] {spark_submit.py:521} INFO - null
[2025-06-05T08:57:32.665+0000] {spark_submit.py:521} INFO - Spark config:
[2025-06-05T08:57:32.666+0000] {spark_submit.py:521} INFO - (spark.app.name,arrow-spark)
[2025-06-05T08:57:32.666+0000] {spark_submit.py:521} INFO - (spark.app.submitTime,1749113852641)
[2025-06-05T08:57:32.666+0000] {spark_submit.py:521} INFO - (spark.master,spark://spark-master:7077)
[2025-06-05T08:57:32.667+0000] {spark_submit.py:521} INFO - (spark.submit.deployMode,client)
[2025-06-05T08:57:32.667+0000] {spark_submit.py:521} INFO - (spark.submit.pyFiles,)
[2025-06-05T08:57:32.668+0000] {spark_submit.py:521} INFO - Classpath elements:
[2025-06-05T08:57:32.668+0000] {spark_submit.py:521} INFO - 
[2025-06-05T08:57:32.668+0000] {spark_submit.py:521} INFO - 
[2025-06-05T08:57:32.668+0000] {spark_submit.py:521} INFO - 
[2025-06-05T08:57:33.769+0000] {spark_submit.py:521} INFO - 25/06/05 08:57:33 INFO SparkContext: Running Spark version 3.5.2
[2025-06-05T08:57:33.771+0000] {spark_submit.py:521} INFO - 25/06/05 08:57:33 INFO SparkContext: OS info Linux, 5.15.146.1-microsoft-standard-WSL2, amd64
[2025-06-05T08:57:33.771+0000] {spark_submit.py:521} INFO - 25/06/05 08:57:33 INFO SparkContext: Java version 17.0.15
[2025-06-05T08:57:33.812+0000] {spark_submit.py:521} INFO - 25/06/05 08:57:33 WARN NativeCodeLoader: Unable to load native-hadoop library for your platform... using builtin-java classes where applicable
[2025-06-05T08:57:33.879+0000] {spark_submit.py:521} INFO - 25/06/05 08:57:33 INFO ResourceUtils: ==============================================================
[2025-06-05T08:57:33.880+0000] {spark_submit.py:521} INFO - 25/06/05 08:57:33 INFO ResourceUtils: No custom resources configured for spark.driver.
[2025-06-05T08:57:33.880+0000] {spark_submit.py:521} INFO - 25/06/05 08:57:33 INFO ResourceUtils: ==============================================================
[2025-06-05T08:57:33.880+0000] {spark_submit.py:521} INFO - 25/06/05 08:57:33 INFO SparkContext: Submitted application: WordCount
[2025-06-05T08:57:33.895+0000] {spark_submit.py:521} INFO - 25/06/05 08:57:33 INFO ResourceProfile: Default ResourceProfile created, executor resources: Map(memory -> name: memory, amount: 1024, script: , vendor: , offHeap -> name: offHeap, amount: 0, script: , vendor: ), task resources: Map(cpus -> name: cpus, amount: 1.0)
[2025-06-05T08:57:33.902+0000] {spark_submit.py:521} INFO - 25/06/05 08:57:33 INFO ResourceProfile: Limiting resource is cpu
[2025-06-05T08:57:33.903+0000] {spark_submit.py:521} INFO - 25/06/05 08:57:33 INFO ResourceProfileManager: Added ResourceProfile id: 0
[2025-06-05T08:57:33.948+0000] {spark_submit.py:521} INFO - 25/06/05 08:57:33 INFO SecurityManager: Changing view acls to: ***
[2025-06-05T08:57:33.949+0000] {spark_submit.py:521} INFO - 25/06/05 08:57:33 INFO SecurityManager: Changing modify acls to: ***
[2025-06-05T08:57:33.950+0000] {spark_submit.py:521} INFO - 25/06/05 08:57:33 INFO SecurityManager: Changing view acls groups to:
[2025-06-05T08:57:33.950+0000] {spark_submit.py:521} INFO - 25/06/05 08:57:33 INFO SecurityManager: Changing modify acls groups to:
[2025-06-05T08:57:33.951+0000] {spark_submit.py:521} INFO - 25/06/05 08:57:33 INFO SecurityManager: SecurityManager: authentication disabled; ui acls disabled; users with view permissions: ***; groups with view permissions: EMPTY; users with modify permissions: ***; groups with modify permissions: EMPTY
[2025-06-05T08:57:34.121+0000] {spark_submit.py:521} INFO - 25/06/05 08:57:34 INFO Utils: Successfully started service 'sparkDriver' on port 40705.
[2025-06-05T08:57:34.142+0000] {spark_submit.py:521} INFO - 25/06/05 08:57:34 INFO SparkEnv: Registering MapOutputTracker
[2025-06-05T08:57:34.170+0000] {spark_submit.py:521} INFO - 25/06/05 08:57:34 INFO SparkEnv: Registering BlockManagerMaster
[2025-06-05T08:57:34.182+0000] {spark_submit.py:521} INFO - 25/06/05 08:57:34 INFO BlockManagerMasterEndpoint: Using org.apache.spark.storage.DefaultTopologyMapper for getting topology information
[2025-06-05T08:57:34.183+0000] {spark_submit.py:521} INFO - 25/06/05 08:57:34 INFO BlockManagerMasterEndpoint: BlockManagerMasterEndpoint up
[2025-06-05T08:57:34.186+0000] {spark_submit.py:521} INFO - 25/06/05 08:57:34 INFO SparkEnv: Registering BlockManagerMasterHeartbeat
[2025-06-05T08:57:34.201+0000] {spark_submit.py:521} INFO - 25/06/05 08:57:34 INFO DiskBlockManager: Created local directory at /tmp/blockmgr-627cbe15-20d2-432f-9c9b-249da8877fe3
[2025-06-05T08:57:34.212+0000] {spark_submit.py:521} INFO - 25/06/05 08:57:34 INFO MemoryStore: MemoryStore started with capacity 434.4 MiB
[2025-06-05T08:57:34.224+0000] {spark_submit.py:521} INFO - 25/06/05 08:57:34 INFO SparkEnv: Registering OutputCommitCoordinator
[2025-06-05T08:57:34.319+0000] {spark_submit.py:521} INFO - 25/06/05 08:57:34 INFO JettyUtils: Start Jetty 0.0.0.0:4040 for SparkUI
[2025-06-05T08:57:34.358+0000] {spark_submit.py:521} INFO - 25/06/05 08:57:34 INFO Utils: Successfully started service 'SparkUI' on port 4040.
[2025-06-05T08:57:34.449+0000] {spark_submit.py:521} INFO - 25/06/05 08:57:34 INFO StandaloneAppClient$ClientEndpoint: Connecting to master spark://spark-master:7077...
[2025-06-05T08:57:34.485+0000] {spark_submit.py:521} INFO - 25/06/05 08:57:34 INFO TransportClientFactory: Successfully created connection to spark-master/172.18.0.3:7077 after 19 ms (0 ms spent in bootstraps)
[2025-06-05T08:57:34.556+0000] {spark_submit.py:521} INFO - 25/06/05 08:57:34 INFO StandaloneSchedulerBackend: Connected to Spark cluster with app ID app-20250605085734-0002
[2025-06-05T08:57:34.559+0000] {spark_submit.py:521} INFO - 25/06/05 08:57:34 INFO StandaloneAppClient$ClientEndpoint: Executor added: app-20250605085734-0002/0 on worker-20250605084156-172.18.0.4-34891 (172.18.0.4:34891) with 2 core(s)
[2025-06-05T08:57:34.562+0000] {spark_submit.py:521} INFO - 25/06/05 08:57:34 INFO StandaloneSchedulerBackend: Granted executor ID app-20250605085734-0002/0 on hostPort 172.18.0.4:34891 with 2 core(s), 1024.0 MiB RAM
[2025-06-05T08:57:34.566+0000] {spark_submit.py:521} INFO - 25/06/05 08:57:34 INFO Utils: Successfully started service 'org.apache.spark.network.netty.NettyBlockTransferService' on port 36455.
[2025-06-05T08:57:34.567+0000] {spark_submit.py:521} INFO - 25/06/05 08:57:34 INFO NettyBlockTransferService: Server created on d8f42655c8a1:36455
[2025-06-05T08:57:34.569+0000] {spark_submit.py:521} INFO - 25/06/05 08:57:34 INFO BlockManager: Using org.apache.spark.storage.RandomBlockReplicationPolicy for block replication policy
[2025-06-05T08:57:34.576+0000] {spark_submit.py:521} INFO - 25/06/05 08:57:34 INFO BlockManagerMaster: Registering BlockManager BlockManagerId(driver, d8f42655c8a1, 36455, None)
[2025-06-05T08:57:34.580+0000] {spark_submit.py:521} INFO - 25/06/05 08:57:34 INFO BlockManagerMasterEndpoint: Registering block manager d8f42655c8a1:36455 with 434.4 MiB RAM, BlockManagerId(driver, d8f42655c8a1, 36455, None)
[2025-06-05T08:57:34.582+0000] {spark_submit.py:521} INFO - 25/06/05 08:57:34 INFO BlockManagerMaster: Registered BlockManager BlockManagerId(driver, d8f42655c8a1, 36455, None)
[2025-06-05T08:57:34.583+0000] {spark_submit.py:521} INFO - 25/06/05 08:57:34 INFO BlockManager: Initialized BlockManager: BlockManagerId(driver, d8f42655c8a1, 36455, None)
[2025-06-05T08:57:34.621+0000] {spark_submit.py:521} INFO - 25/06/05 08:57:34 INFO StandaloneAppClient$ClientEndpoint: Executor updated: app-20250605085734-0002/0 is now RUNNING
[2025-06-05T08:57:34.763+0000] {spark_submit.py:521} INFO - 25/06/05 08:57:34 INFO StandaloneSchedulerBackend: SchedulerBackend is ready for scheduling beginning after reached minRegisteredResourcesRatio: 0.0
[2025-06-05T08:57:35.281+0000] {spark_submit.py:521} INFO - 25/06/05 08:57:35 INFO SparkContext: Starting job: collect at /opt/bitnami/spark/app/wordcount.py:10
[2025-06-05T08:57:35.306+0000] {spark_submit.py:521} INFO - 25/06/05 08:57:35 INFO DAGScheduler: Registering RDD 2 (reduceByKey at /opt/bitnami/spark/app/wordcount.py:9) as input to shuffle 0
[2025-06-05T08:57:35.310+0000] {spark_submit.py:521} INFO - 25/06/05 08:57:35 INFO DAGScheduler: Got job 0 (collect at /opt/bitnami/spark/app/wordcount.py:10) with 2 output partitions
[2025-06-05T08:57:35.311+0000] {spark_submit.py:521} INFO - 25/06/05 08:57:35 INFO DAGScheduler: Final stage: ResultStage 1 (collect at /opt/bitnami/spark/app/wordcount.py:10)
[2025-06-05T08:57:35.312+0000] {spark_submit.py:521} INFO - 25/06/05 08:57:35 INFO DAGScheduler: Parents of final stage: List(ShuffleMapStage 0)
[2025-06-05T08:57:35.313+0000] {spark_submit.py:521} INFO - 25/06/05 08:57:35 INFO DAGScheduler: Missing parents: List(ShuffleMapStage 0)
[2025-06-05T08:57:35.317+0000] {spark_submit.py:521} INFO - 25/06/05 08:57:35 INFO DAGScheduler: Submitting ShuffleMapStage 0 (PairwiseRDD[2] at reduceByKey at /opt/bitnami/spark/app/wordcount.py:9), which has no missing parents
[2025-06-05T08:57:35.392+0000] {spark_submit.py:521} INFO - 25/06/05 08:57:35 INFO MemoryStore: Block broadcast_0 stored as values in memory (estimated size 11.5 KiB, free 434.4 MiB)
[2025-06-05T08:57:35.424+0000] {spark_submit.py:521} INFO - 25/06/05 08:57:35 INFO MemoryStore: Block broadcast_0_piece0 stored as bytes in memory (estimated size 7.2 KiB, free 434.4 MiB)
[2025-06-05T08:57:35.428+0000] {spark_submit.py:521} INFO - 25/06/05 08:57:35 INFO BlockManagerInfo: Added broadcast_0_piece0 in memory on d8f42655c8a1:36455 (size: 7.2 KiB, free: 434.4 MiB)
[2025-06-05T08:57:35.432+0000] {spark_submit.py:521} INFO - 25/06/05 08:57:35 INFO SparkContext: Created broadcast 0 from broadcast at DAGScheduler.scala:1585
[2025-06-05T08:57:35.449+0000] {spark_submit.py:521} INFO - 25/06/05 08:57:35 INFO DAGScheduler: Submitting 2 missing tasks from ShuffleMapStage 0 (PairwiseRDD[2] at reduceByKey at /opt/bitnami/spark/app/wordcount.py:9) (first 15 tasks are for partitions Vector(0, 1))
[2025-06-05T08:57:35.450+0000] {spark_submit.py:521} INFO - 25/06/05 08:57:35 INFO TaskSchedulerImpl: Adding task set 0.0 with 2 tasks resource profile 0
[2025-06-05T08:57:36.708+0000] {spark_submit.py:521} INFO - 25/06/05 08:57:36 INFO StandaloneSchedulerBackend$StandaloneDriverEndpoint: Registered executor NettyRpcEndpointRef(spark-client://Executor) (172.18.0.4:41992) with ID 0,  ResourceProfileId 0
[2025-06-05T08:57:36.759+0000] {spark_submit.py:521} INFO - 25/06/05 08:57:36 INFO BlockManagerMasterEndpoint: Registering block manager 172.18.0.4:36505 with 434.4 MiB RAM, BlockManagerId(0, 172.18.0.4, 36505, None)
[2025-06-05T08:57:36.805+0000] {spark_submit.py:521} INFO - 25/06/05 08:57:36 INFO TaskSetManager: Starting task 0.0 in stage 0.0 (TID 0) (172.18.0.4, executor 0, partition 0, PROCESS_LOCAL, 9011 bytes)
[2025-06-05T08:57:36.809+0000] {spark_submit.py:521} INFO - 25/06/05 08:57:36 INFO TaskSetManager: Starting task 1.0 in stage 0.0 (TID 1) (172.18.0.4, executor 0, partition 1, PROCESS_LOCAL, 9052 bytes)
[2025-06-05T08:57:36.993+0000] {spark_submit.py:521} INFO - 25/06/05 08:57:36 INFO BlockManagerInfo: Added broadcast_0_piece0 in memory on 172.18.0.4:36505 (size: 7.2 KiB, free: 434.4 MiB)
[2025-06-05T08:57:38.069+0000] {spark_submit.py:521} INFO - 25/06/05 08:57:38 INFO TaskSetManager: Finished task 0.0 in stage 0.0 (TID 0) in 1274 ms on 172.18.0.4 (executor 0) (1/2)
[2025-06-05T08:57:38.070+0000] {spark_submit.py:521} INFO - 25/06/05 08:57:38 INFO TaskSetManager: Finished task 1.0 in stage 0.0 (TID 1) in 1262 ms on 172.18.0.4 (executor 0) (2/2)
[2025-06-05T08:57:38.071+0000] {spark_submit.py:521} INFO - 25/06/05 08:57:38 INFO TaskSchedulerImpl: Removed TaskSet 0.0, whose tasks have all completed, from pool
[2025-06-05T08:57:38.075+0000] {spark_submit.py:521} INFO - 25/06/05 08:57:38 INFO PythonAccumulatorV2: Connected to AccumulatorServer at host: 127.0.0.1 port: 44653
[2025-06-05T08:57:38.081+0000] {spark_submit.py:521} INFO - 25/06/05 08:57:38 INFO DAGScheduler: ShuffleMapStage 0 (reduceByKey at /opt/bitnami/spark/app/wordcount.py:9) finished in 2.750 s
[2025-06-05T08:57:38.081+0000] {spark_submit.py:521} INFO - 25/06/05 08:57:38 INFO DAGScheduler: looking for newly runnable stages
[2025-06-05T08:57:38.082+0000] {spark_submit.py:521} INFO - 25/06/05 08:57:38 INFO DAGScheduler: running: Set()
[2025-06-05T08:57:38.082+0000] {spark_submit.py:521} INFO - 25/06/05 08:57:38 INFO DAGScheduler: waiting: Set(ResultStage 1)
[2025-06-05T08:57:38.082+0000] {spark_submit.py:521} INFO - 25/06/05 08:57:38 INFO DAGScheduler: failed: Set()
[2025-06-05T08:57:38.084+0000] {spark_submit.py:521} INFO - 25/06/05 08:57:38 INFO DAGScheduler: Submitting ResultStage 1 (PythonRDD[5] at collect at /opt/bitnami/spark/app/wordcount.py:10), which has no missing parents
[2025-06-05T08:57:38.092+0000] {spark_submit.py:521} INFO - 25/06/05 08:57:38 INFO MemoryStore: Block broadcast_1 stored as values in memory (estimated size 9.9 KiB, free 434.4 MiB)
[2025-06-05T08:57:38.094+0000] {spark_submit.py:521} INFO - 25/06/05 08:57:38 INFO MemoryStore: Block broadcast_1_piece0 stored as bytes in memory (estimated size 6.0 KiB, free 434.4 MiB)
[2025-06-05T08:57:38.095+0000] {spark_submit.py:521} INFO - 25/06/05 08:57:38 INFO BlockManagerInfo: Added broadcast_1_piece0 in memory on d8f42655c8a1:36455 (size: 6.0 KiB, free: 434.4 MiB)
[2025-06-05T08:57:38.096+0000] {spark_submit.py:521} INFO - 25/06/05 08:57:38 INFO SparkContext: Created broadcast 1 from broadcast at DAGScheduler.scala:1585
[2025-06-05T08:57:38.097+0000] {spark_submit.py:521} INFO - 25/06/05 08:57:38 INFO DAGScheduler: Submitting 2 missing tasks from ResultStage 1 (PythonRDD[5] at collect at /opt/bitnami/spark/app/wordcount.py:10) (first 15 tasks are for partitions Vector(0, 1))
[2025-06-05T08:57:38.098+0000] {spark_submit.py:521} INFO - 25/06/05 08:57:38 INFO TaskSchedulerImpl: Adding task set 1.0 with 2 tasks resource profile 0
[2025-06-05T08:57:38.102+0000] {spark_submit.py:521} INFO - 25/06/05 08:57:38 INFO TaskSetManager: Starting task 0.0 in stage 1.0 (TID 2) (172.18.0.4, executor 0, partition 0, NODE_LOCAL, 8821 bytes)
[2025-06-05T08:57:38.103+0000] {spark_submit.py:521} INFO - 25/06/05 08:57:38 INFO TaskSetManager: Starting task 1.0 in stage 1.0 (TID 3) (172.18.0.4, executor 0, partition 1, NODE_LOCAL, 8821 bytes)
[2025-06-05T08:57:38.122+0000] {spark_submit.py:521} INFO - 25/06/05 08:57:38 INFO BlockManagerInfo: Added broadcast_1_piece0 in memory on 172.18.0.4:36505 (size: 6.0 KiB, free: 434.4 MiB)
[2025-06-05T08:57:38.184+0000] {spark_submit.py:521} INFO - 25/06/05 08:57:38 INFO MapOutputTrackerMasterEndpoint: Asked to send map output locations for shuffle 0 to 172.18.0.4:41992
[2025-06-05T08:57:38.330+0000] {spark_submit.py:521} INFO - 25/06/05 08:57:38 INFO TaskSetManager: Finished task 1.0 in stage 1.0 (TID 3) in 227 ms on 172.18.0.4 (executor 0) (1/2)
[2025-06-05T08:57:38.331+0000] {spark_submit.py:521} INFO - 25/06/05 08:57:38 INFO TaskSetManager: Finished task 0.0 in stage 1.0 (TID 2) in 230 ms on 172.18.0.4 (executor 0) (2/2)
[2025-06-05T08:57:38.331+0000] {spark_submit.py:521} INFO - 25/06/05 08:57:38 INFO TaskSchedulerImpl: Removed TaskSet 1.0, whose tasks have all completed, from pool
[2025-06-05T08:57:38.333+0000] {spark_submit.py:521} INFO - 25/06/05 08:57:38 INFO DAGScheduler: ResultStage 1 (collect at /opt/bitnami/spark/app/wordcount.py:10) finished in 0.242 s
[2025-06-05T08:57:38.335+0000] {spark_submit.py:521} INFO - 25/06/05 08:57:38 INFO DAGScheduler: Job 0 is finished. Cancelling potential speculative or zombie tasks for this job
[2025-06-05T08:57:38.335+0000] {spark_submit.py:521} INFO - 25/06/05 08:57:38 INFO TaskSchedulerImpl: Killing all running tasks in stage 1: Stage finished
[2025-06-05T08:57:38.337+0000] {spark_submit.py:521} INFO - 25/06/05 08:57:38 INFO DAGScheduler: Job 0 finished: collect at /opt/bitnami/spark/app/wordcount.py:10, took 3.055739 s
[2025-06-05T08:57:38.352+0000] {spark_submit.py:521} INFO - [('hello', 3), ('world', 1), ('***', 1), ('spark', 1)]
[2025-06-05T08:57:38.353+0000] {spark_submit.py:521} INFO - 25/06/05 08:57:38 INFO SparkContext: SparkContext is stopping with exitCode 0.
[2025-06-05T08:57:38.361+0000] {spark_submit.py:521} INFO - 25/06/05 08:57:38 INFO SparkUI: Stopped Spark web UI at http://d8f42655c8a1:4040
[2025-06-05T08:57:38.364+0000] {spark_submit.py:521} INFO - 25/06/05 08:57:38 INFO StandaloneSchedulerBackend: Shutting down all executors
[2025-06-05T08:57:38.364+0000] {spark_submit.py:521} INFO - 25/06/05 08:57:38 INFO StandaloneSchedulerBackend$StandaloneDriverEndpoint: Asking each executor to shut down
[2025-06-05T08:57:38.379+0000] {spark_submit.py:521} INFO - 25/06/05 08:57:38 INFO MapOutputTrackerMasterEndpoint: MapOutputTrackerMasterEndpoint stopped!
[2025-06-05T08:57:38.405+0000] {spark_submit.py:521} INFO - 25/06/05 08:57:38 INFO MemoryStore: MemoryStore cleared
[2025-06-05T08:57:38.406+0000] {spark_submit.py:521} INFO - 25/06/05 08:57:38 INFO BlockManager: BlockManager stopped
[2025-06-05T08:57:38.409+0000] {spark_submit.py:521} INFO - 25/06/05 08:57:38 INFO BlockManagerMaster: BlockManagerMaster stopped
[2025-06-05T08:57:38.411+0000] {spark_submit.py:521} INFO - 25/06/05 08:57:38 INFO OutputCommitCoordinator$OutputCommitCoordinatorEndpoint: OutputCommitCoordinator stopped!
[2025-06-05T08:57:38.425+0000] {spark_submit.py:521} INFO - 25/06/05 08:57:38 INFO SparkContext: Successfully stopped SparkContext
[2025-06-05T08:57:39.376+0000] {spark_submit.py:521} INFO - 25/06/05 08:57:39 INFO ShutdownHookManager: Shutdown hook called
[2025-06-05T08:57:39.376+0000] {spark_submit.py:521} INFO - 25/06/05 08:57:39 INFO ShutdownHookManager: Deleting directory /tmp/spark-159004dd-9fcd-42a5-8c88-aca032c37919
[2025-06-05T08:57:39.385+0000] {spark_submit.py:521} INFO - 25/06/05 08:57:39 INFO ShutdownHookManager: Deleting directory /tmp/spark-23ce5c2b-3ad2-4226-b142-1130b516d90f
[2025-06-05T08:57:39.391+0000] {spark_submit.py:521} INFO - 25/06/05 08:57:39 INFO ShutdownHookManager: Deleting directory /tmp/spark-23ce5c2b-3ad2-4226-b142-1130b516d90f/pyspark-4f6d6fc6-cb52-4625-8d54-a549bdce0525
[2025-06-05T08:57:39.424+0000] {taskinstance.py:341} INFO - ::group::Post task execution logs
[2025-06-05T08:57:39.425+0000] {taskinstance.py:353} INFO - Marking task as SUCCESS. dag_id=spark_wordcount, task_id=run_wordcount, run_id=manual__2025-06-05T08:57:30.327920+00:00, execution_date=20250605T085730, start_date=20250605T085731, end_date=20250605T085739
[2025-06-05T08:57:39.462+0000] {local_task_job_runner.py:266} INFO - Task exited with return code 0
[2025-06-05T08:57:39.475+0000] {taskinstance.py:3901} INFO - 0 downstream tasks scheduled from follow-on schedule check
[2025-06-05T08:57:39.476+0000] {local_task_job_runner.py:245} INFO - ::endgroup::
