[2025-06-05T08:55:34.947+0000] {local_task_job_runner.py:123} INFO - ::group::Pre task execution logs
[2025-06-05T08:55:34.964+0000] {taskinstance.py:2614} INFO - Dependencies all met for dep_context=non-requeueable deps ti=<TaskInstance: spark_wordcount.run_wordcount manual__2025-06-05T08:55:34.702057+00:00 [queued]>
[2025-06-05T08:55:34.974+0000] {taskinstance.py:2614} INFO - Dependencies all met for dep_context=requeueable deps ti=<TaskInstance: spark_wordcount.run_wordcount manual__2025-06-05T08:55:34.702057+00:00 [queued]>
[2025-06-05T08:55:34.975+0000] {taskinstance.py:2867} INFO - Starting attempt 1 of 1
[2025-06-05T08:55:34.988+0000] {taskinstance.py:2890} INFO - Executing <Task(SparkSubmitOperator): run_wordcount> on 2025-06-05 08:55:34.702057+00:00
[2025-06-05T08:55:34.997+0000] {standard_task_runner.py:104} INFO - Running: ['***', 'tasks', 'run', 'spark_wordcount', 'run_wordcount', 'manual__2025-06-05T08:55:34.702057+00:00', '--job-id', '6', '--raw', '--subdir', 'DAGS_FOLDER/test_spark.py', '--cfg-path', '/tmp/tmpqc_9laqc']
[2025-06-05T08:55:34.999+0000] {standard_task_runner.py:105} INFO - Job 6: Subtask run_wordcount
[2025-06-05T08:55:35.000+0000] {logging_mixin.py:190} WARNING - /home/***/.local/lib/python3.12/site-packages/***/task/task_runner/standard_task_runner.py:70 DeprecationWarning: This process (pid=868) is multi-threaded, use of fork() may lead to deadlocks in the child.
[2025-06-05T08:55:35.001+0000] {standard_task_runner.py:72} INFO - Started process 869 to run task
[2025-06-05T08:55:35.050+0000] {task_command.py:467} INFO - Running <TaskInstance: spark_wordcount.run_wordcount manual__2025-06-05T08:55:34.702057+00:00 [running]> on host d8f42655c8a1
[2025-06-05T08:55:35.128+0000] {taskinstance.py:3134} INFO - Exporting env vars: AIRFLOW_CTX_DAG_OWNER='Polakorn Anantapakorn' AIRFLOW_CTX_DAG_ID='spark_wordcount' AIRFLOW_CTX_TASK_ID='run_wordcount' AIRFLOW_CTX_EXECUTION_DATE='2025-06-05T08:55:34.702057+00:00' AIRFLOW_CTX_TRY_NUMBER='1' AIRFLOW_CTX_DAG_RUN_ID='manual__2025-06-05T08:55:34.702057+00:00'
[2025-06-05T08:55:35.128+0000] {taskinstance.py:732} INFO - ::endgroup::
[2025-06-05T08:55:35.151+0000] {base.py:84} INFO - Retrieving connection 'spark_default'
[2025-06-05T08:55:35.152+0000] {spark_submit.py:351} INFO - Spark-Submit cmd: spark-submit --master spark://spark-master:7077 --name arrow-spark --verbose /opt/bitnami/spark/app/wordcount.py
[2025-06-05T08:55:36.168+0000] {spark_submit.py:521} INFO - Using properties file: null
[2025-06-05T08:55:36.264+0000] {spark_submit.py:521} INFO - Parsed arguments:
[2025-06-05T08:55:36.265+0000] {spark_submit.py:521} INFO - master                  spark://spark-master:7077
[2025-06-05T08:55:36.265+0000] {spark_submit.py:521} INFO - remote                  null
[2025-06-05T08:55:36.266+0000] {spark_submit.py:521} INFO - deployMode              null
[2025-06-05T08:55:36.266+0000] {spark_submit.py:521} INFO - executorMemory          null
[2025-06-05T08:55:36.266+0000] {spark_submit.py:521} INFO - executorCores           null
[2025-06-05T08:55:36.266+0000] {spark_submit.py:521} INFO - totalExecutorCores      null
[2025-06-05T08:55:36.267+0000] {spark_submit.py:521} INFO - propertiesFile          null
[2025-06-05T08:55:36.267+0000] {spark_submit.py:521} INFO - driverMemory            null
[2025-06-05T08:55:36.267+0000] {spark_submit.py:521} INFO - driverCores             null
[2025-06-05T08:55:36.268+0000] {spark_submit.py:521} INFO - driverExtraClassPath    null
[2025-06-05T08:55:36.268+0000] {spark_submit.py:521} INFO - driverExtraLibraryPath  null
[2025-06-05T08:55:36.268+0000] {spark_submit.py:521} INFO - driverExtraJavaOptions  null
[2025-06-05T08:55:36.268+0000] {spark_submit.py:521} INFO - supervise               false
[2025-06-05T08:55:36.269+0000] {spark_submit.py:521} INFO - queue                   null
[2025-06-05T08:55:36.269+0000] {spark_submit.py:521} INFO - numExecutors            null
[2025-06-05T08:55:36.269+0000] {spark_submit.py:521} INFO - files                   null
[2025-06-05T08:55:36.270+0000] {spark_submit.py:521} INFO - pyFiles                 null
[2025-06-05T08:55:36.270+0000] {spark_submit.py:521} INFO - archives                null
[2025-06-05T08:55:36.270+0000] {spark_submit.py:521} INFO - mainClass               null
[2025-06-05T08:55:36.270+0000] {spark_submit.py:521} INFO - primaryResource         file:/opt/bitnami/spark/app/wordcount.py
[2025-06-05T08:55:36.271+0000] {spark_submit.py:521} INFO - name                    arrow-spark
[2025-06-05T08:55:36.271+0000] {spark_submit.py:521} INFO - childArgs               []
[2025-06-05T08:55:36.271+0000] {spark_submit.py:521} INFO - jars                    null
[2025-06-05T08:55:36.271+0000] {spark_submit.py:521} INFO - packages                null
[2025-06-05T08:55:36.272+0000] {spark_submit.py:521} INFO - packagesExclusions      null
[2025-06-05T08:55:36.272+0000] {spark_submit.py:521} INFO - repositories            null
[2025-06-05T08:55:36.272+0000] {spark_submit.py:521} INFO - verbose                 true
[2025-06-05T08:55:36.273+0000] {spark_submit.py:521} INFO - 
[2025-06-05T08:55:36.273+0000] {spark_submit.py:521} INFO - Spark properties used, including those specified through
[2025-06-05T08:55:36.274+0000] {spark_submit.py:521} INFO - --conf and those from the properties file null:
[2025-06-05T08:55:36.274+0000] {spark_submit.py:521} INFO - 
[2025-06-05T08:55:36.274+0000] {spark_submit.py:521} INFO - 
[2025-06-05T08:55:36.274+0000] {spark_submit.py:521} INFO - 
[2025-06-05T08:55:36.484+0000] {spark_submit.py:521} INFO - Main class:
[2025-06-05T08:55:36.485+0000] {spark_submit.py:521} INFO - org.apache.spark.deploy.PythonRunner
[2025-06-05T08:55:36.485+0000] {spark_submit.py:521} INFO - Arguments:
[2025-06-05T08:55:36.486+0000] {spark_submit.py:521} INFO - file:/opt/bitnami/spark/app/wordcount.py
[2025-06-05T08:55:36.486+0000] {spark_submit.py:521} INFO - null
[2025-06-05T08:55:36.488+0000] {spark_submit.py:521} INFO - Spark config:
[2025-06-05T08:55:36.489+0000] {spark_submit.py:521} INFO - (spark.app.name,arrow-spark)
[2025-06-05T08:55:36.489+0000] {spark_submit.py:521} INFO - (spark.app.submitTime,1749113736468)
[2025-06-05T08:55:36.489+0000] {spark_submit.py:521} INFO - (spark.master,spark://spark-master:7077)
[2025-06-05T08:55:36.490+0000] {spark_submit.py:521} INFO - (spark.submit.deployMode,client)
[2025-06-05T08:55:36.490+0000] {spark_submit.py:521} INFO - (spark.submit.pyFiles,)
[2025-06-05T08:55:36.490+0000] {spark_submit.py:521} INFO - Classpath elements:
[2025-06-05T08:55:36.491+0000] {spark_submit.py:521} INFO - 
[2025-06-05T08:55:36.491+0000] {spark_submit.py:521} INFO - 
[2025-06-05T08:55:36.491+0000] {spark_submit.py:521} INFO - 
[2025-06-05T08:55:37.551+0000] {spark_submit.py:521} INFO - 25/06/05 08:55:37 INFO SparkContext: Running Spark version 3.5.2
[2025-06-05T08:55:37.553+0000] {spark_submit.py:521} INFO - 25/06/05 08:55:37 INFO SparkContext: OS info Linux, 5.15.146.1-microsoft-standard-WSL2, amd64
[2025-06-05T08:55:37.553+0000] {spark_submit.py:521} INFO - 25/06/05 08:55:37 INFO SparkContext: Java version 17.0.15
[2025-06-05T08:55:37.594+0000] {spark_submit.py:521} INFO - 25/06/05 08:55:37 WARN NativeCodeLoader: Unable to load native-hadoop library for your platform... using builtin-java classes where applicable
[2025-06-05T08:55:37.657+0000] {spark_submit.py:521} INFO - 25/06/05 08:55:37 INFO ResourceUtils: ==============================================================
[2025-06-05T08:55:37.657+0000] {spark_submit.py:521} INFO - 25/06/05 08:55:37 INFO ResourceUtils: No custom resources configured for spark.driver.
[2025-06-05T08:55:37.658+0000] {spark_submit.py:521} INFO - 25/06/05 08:55:37 INFO ResourceUtils: ==============================================================
[2025-06-05T08:55:37.658+0000] {spark_submit.py:521} INFO - 25/06/05 08:55:37 INFO SparkContext: Submitted application: WordCount
[2025-06-05T08:55:37.673+0000] {spark_submit.py:521} INFO - 25/06/05 08:55:37 INFO ResourceProfile: Default ResourceProfile created, executor resources: Map(memory -> name: memory, amount: 1024, script: , vendor: , offHeap -> name: offHeap, amount: 0, script: , vendor: ), task resources: Map(cpus -> name: cpus, amount: 1.0)
[2025-06-05T08:55:37.685+0000] {spark_submit.py:521} INFO - 25/06/05 08:55:37 INFO ResourceProfile: Limiting resource is cpu
[2025-06-05T08:55:37.685+0000] {spark_submit.py:521} INFO - 25/06/05 08:55:37 INFO ResourceProfileManager: Added ResourceProfile id: 0
[2025-06-05T08:55:37.715+0000] {spark_submit.py:521} INFO - 25/06/05 08:55:37 INFO SecurityManager: Changing view acls to: ***
[2025-06-05T08:55:37.715+0000] {spark_submit.py:521} INFO - 25/06/05 08:55:37 INFO SecurityManager: Changing modify acls to: ***
[2025-06-05T08:55:37.716+0000] {spark_submit.py:521} INFO - 25/06/05 08:55:37 INFO SecurityManager: Changing view acls groups to:
[2025-06-05T08:55:37.716+0000] {spark_submit.py:521} INFO - 25/06/05 08:55:37 INFO SecurityManager: Changing modify acls groups to:
[2025-06-05T08:55:37.716+0000] {spark_submit.py:521} INFO - 25/06/05 08:55:37 INFO SecurityManager: SecurityManager: authentication disabled; ui acls disabled; users with view permissions: ***; groups with view permissions: EMPTY; users with modify permissions: ***; groups with modify permissions: EMPTY
[2025-06-05T08:55:37.886+0000] {spark_submit.py:521} INFO - 25/06/05 08:55:37 INFO Utils: Successfully started service 'sparkDriver' on port 33969.
[2025-06-05T08:55:37.906+0000] {spark_submit.py:521} INFO - 25/06/05 08:55:37 INFO SparkEnv: Registering MapOutputTracker
[2025-06-05T08:55:37.932+0000] {spark_submit.py:521} INFO - 25/06/05 08:55:37 INFO SparkEnv: Registering BlockManagerMaster
[2025-06-05T08:55:37.947+0000] {spark_submit.py:521} INFO - 25/06/05 08:55:37 INFO BlockManagerMasterEndpoint: Using org.apache.spark.storage.DefaultTopologyMapper for getting topology information
[2025-06-05T08:55:37.948+0000] {spark_submit.py:521} INFO - 25/06/05 08:55:37 INFO BlockManagerMasterEndpoint: BlockManagerMasterEndpoint up
[2025-06-05T08:55:37.952+0000] {spark_submit.py:521} INFO - 25/06/05 08:55:37 INFO SparkEnv: Registering BlockManagerMasterHeartbeat
[2025-06-05T08:55:37.972+0000] {spark_submit.py:521} INFO - 25/06/05 08:55:37 INFO DiskBlockManager: Created local directory at /tmp/blockmgr-a6b48897-e548-4168-9af2-d2ebcfd88da9
[2025-06-05T08:55:37.986+0000] {spark_submit.py:521} INFO - 25/06/05 08:55:37 INFO MemoryStore: MemoryStore started with capacity 434.4 MiB
[2025-06-05T08:55:38.001+0000] {spark_submit.py:521} INFO - 25/06/05 08:55:38 INFO SparkEnv: Registering OutputCommitCoordinator
[2025-06-05T08:55:38.120+0000] {spark_submit.py:521} INFO - 25/06/05 08:55:38 INFO JettyUtils: Start Jetty 0.0.0.0:4040 for SparkUI
[2025-06-05T08:55:38.162+0000] {spark_submit.py:521} INFO - 25/06/05 08:55:38 INFO Utils: Successfully started service 'SparkUI' on port 4040.
[2025-06-05T08:55:38.255+0000] {spark_submit.py:521} INFO - 25/06/05 08:55:38 INFO StandaloneAppClient$ClientEndpoint: Connecting to master spark://spark-master:7077...
[2025-06-05T08:55:38.302+0000] {spark_submit.py:521} INFO - 25/06/05 08:55:38 INFO TransportClientFactory: Successfully created connection to spark-master/172.18.0.3:7077 after 27 ms (0 ms spent in bootstraps)
[2025-06-05T08:55:38.395+0000] {spark_submit.py:521} INFO - 25/06/05 08:55:38 INFO StandaloneSchedulerBackend: Connected to Spark cluster with app ID app-20250605085538-0001
[2025-06-05T08:55:38.396+0000] {spark_submit.py:521} INFO - 25/06/05 08:55:38 INFO StandaloneAppClient$ClientEndpoint: Executor added: app-20250605085538-0001/0 on worker-20250605084156-172.18.0.4-34891 (172.18.0.4:34891) with 2 core(s)
[2025-06-05T08:55:38.399+0000] {spark_submit.py:521} INFO - 25/06/05 08:55:38 INFO StandaloneSchedulerBackend: Granted executor ID app-20250605085538-0001/0 on hostPort 172.18.0.4:34891 with 2 core(s), 1024.0 MiB RAM
[2025-06-05T08:55:38.405+0000] {spark_submit.py:521} INFO - 25/06/05 08:55:38 INFO Utils: Successfully started service 'org.apache.spark.network.netty.NettyBlockTransferService' on port 36937.
[2025-06-05T08:55:38.406+0000] {spark_submit.py:521} INFO - 25/06/05 08:55:38 INFO NettyBlockTransferService: Server created on d8f42655c8a1:36937
[2025-06-05T08:55:38.407+0000] {spark_submit.py:521} INFO - 25/06/05 08:55:38 INFO BlockManager: Using org.apache.spark.storage.RandomBlockReplicationPolicy for block replication policy
[2025-06-05T08:55:38.414+0000] {spark_submit.py:521} INFO - 25/06/05 08:55:38 INFO BlockManagerMaster: Registering BlockManager BlockManagerId(driver, d8f42655c8a1, 36937, None)
[2025-06-05T08:55:38.417+0000] {spark_submit.py:521} INFO - 25/06/05 08:55:38 INFO BlockManagerMasterEndpoint: Registering block manager d8f42655c8a1:36937 with 434.4 MiB RAM, BlockManagerId(driver, d8f42655c8a1, 36937, None)
[2025-06-05T08:55:38.419+0000] {spark_submit.py:521} INFO - 25/06/05 08:55:38 INFO BlockManagerMaster: Registered BlockManager BlockManagerId(driver, d8f42655c8a1, 36937, None)
[2025-06-05T08:55:38.420+0000] {spark_submit.py:521} INFO - 25/06/05 08:55:38 INFO BlockManager: Initialized BlockManager: BlockManagerId(driver, d8f42655c8a1, 36937, None)
[2025-06-05T08:55:38.482+0000] {spark_submit.py:521} INFO - 25/06/05 08:55:38 INFO StandaloneAppClient$ClientEndpoint: Executor updated: app-20250605085538-0001/0 is now RUNNING
[2025-06-05T08:55:38.633+0000] {spark_submit.py:521} INFO - 25/06/05 08:55:38 INFO StandaloneSchedulerBackend: SchedulerBackend is ready for scheduling beginning after reached minRegisteredResourcesRatio: 0.0
[2025-06-05T08:55:39.195+0000] {spark_submit.py:521} INFO - 25/06/05 08:55:39 INFO SparkContext: Starting job: collect at /opt/bitnami/spark/app/wordcount.py:10
[2025-06-05T08:55:39.220+0000] {spark_submit.py:521} INFO - 25/06/05 08:55:39 INFO DAGScheduler: Registering RDD 2 (reduceByKey at /opt/bitnami/spark/app/wordcount.py:9) as input to shuffle 0
[2025-06-05T08:55:39.224+0000] {spark_submit.py:521} INFO - 25/06/05 08:55:39 INFO DAGScheduler: Got job 0 (collect at /opt/bitnami/spark/app/wordcount.py:10) with 2 output partitions
[2025-06-05T08:55:39.225+0000] {spark_submit.py:521} INFO - 25/06/05 08:55:39 INFO DAGScheduler: Final stage: ResultStage 1 (collect at /opt/bitnami/spark/app/wordcount.py:10)
[2025-06-05T08:55:39.226+0000] {spark_submit.py:521} INFO - 25/06/05 08:55:39 INFO DAGScheduler: Parents of final stage: List(ShuffleMapStage 0)
[2025-06-05T08:55:39.227+0000] {spark_submit.py:521} INFO - 25/06/05 08:55:39 INFO DAGScheduler: Missing parents: List(ShuffleMapStage 0)
[2025-06-05T08:55:39.231+0000] {spark_submit.py:521} INFO - 25/06/05 08:55:39 INFO DAGScheduler: Submitting ShuffleMapStage 0 (PairwiseRDD[2] at reduceByKey at /opt/bitnami/spark/app/wordcount.py:9), which has no missing parents
[2025-06-05T08:55:39.292+0000] {spark_submit.py:521} INFO - 25/06/05 08:55:39 INFO MemoryStore: Block broadcast_0 stored as values in memory (estimated size 11.5 KiB, free 434.4 MiB)
[2025-06-05T08:55:39.333+0000] {spark_submit.py:521} INFO - 25/06/05 08:55:39 INFO MemoryStore: Block broadcast_0_piece0 stored as bytes in memory (estimated size 7.2 KiB, free 434.4 MiB)
[2025-06-05T08:55:39.336+0000] {spark_submit.py:521} INFO - 25/06/05 08:55:39 INFO BlockManagerInfo: Added broadcast_0_piece0 in memory on d8f42655c8a1:36937 (size: 7.2 KiB, free: 434.4 MiB)
[2025-06-05T08:55:39.341+0000] {spark_submit.py:521} INFO - 25/06/05 08:55:39 INFO SparkContext: Created broadcast 0 from broadcast at DAGScheduler.scala:1585
[2025-06-05T08:55:39.368+0000] {spark_submit.py:521} INFO - 25/06/05 08:55:39 INFO DAGScheduler: Submitting 2 missing tasks from ShuffleMapStage 0 (PairwiseRDD[2] at reduceByKey at /opt/bitnami/spark/app/wordcount.py:9) (first 15 tasks are for partitions Vector(0, 1))
[2025-06-05T08:55:39.369+0000] {spark_submit.py:521} INFO - 25/06/05 08:55:39 INFO TaskSchedulerImpl: Adding task set 0.0 with 2 tasks resource profile 0
[2025-06-05T08:55:40.577+0000] {spark_submit.py:521} INFO - 25/06/05 08:55:40 INFO StandaloneSchedulerBackend$StandaloneDriverEndpoint: Registered executor NettyRpcEndpointRef(spark-client://Executor) (172.18.0.4:58432) with ID 0,  ResourceProfileId 0
[2025-06-05T08:55:40.623+0000] {spark_submit.py:521} INFO - 25/06/05 08:55:40 INFO BlockManagerMasterEndpoint: Registering block manager 172.18.0.4:36261 with 434.4 MiB RAM, BlockManagerId(0, 172.18.0.4, 36261, None)
[2025-06-05T08:55:40.666+0000] {spark_submit.py:521} INFO - 25/06/05 08:55:40 INFO TaskSetManager: Starting task 0.0 in stage 0.0 (TID 0) (172.18.0.4, executor 0, partition 0, PROCESS_LOCAL, 9011 bytes)
[2025-06-05T08:55:40.669+0000] {spark_submit.py:521} INFO - 25/06/05 08:55:40 INFO TaskSetManager: Starting task 1.0 in stage 0.0 (TID 1) (172.18.0.4, executor 0, partition 1, PROCESS_LOCAL, 9052 bytes)
[2025-06-05T08:55:40.854+0000] {spark_submit.py:521} INFO - 25/06/05 08:55:40 INFO BlockManagerInfo: Added broadcast_0_piece0 in memory on 172.18.0.4:36261 (size: 7.2 KiB, free: 434.4 MiB)
[2025-06-05T08:55:41.945+0000] {spark_submit.py:521} INFO - 25/06/05 08:55:41 INFO TaskSetManager: Finished task 0.0 in stage 0.0 (TID 0) in 1287 ms on 172.18.0.4 (executor 0) (1/2)
[2025-06-05T08:55:41.946+0000] {spark_submit.py:521} INFO - 25/06/05 08:55:41 INFO TaskSetManager: Finished task 1.0 in stage 0.0 (TID 1) in 1277 ms on 172.18.0.4 (executor 0) (2/2)
[2025-06-05T08:55:41.947+0000] {spark_submit.py:521} INFO - 25/06/05 08:55:41 INFO TaskSchedulerImpl: Removed TaskSet 0.0, whose tasks have all completed, from pool
[2025-06-05T08:55:41.951+0000] {spark_submit.py:521} INFO - 25/06/05 08:55:41 INFO PythonAccumulatorV2: Connected to AccumulatorServer at host: 127.0.0.1 port: 59455
[2025-06-05T08:55:41.957+0000] {spark_submit.py:521} INFO - 25/06/05 08:55:41 INFO DAGScheduler: ShuffleMapStage 0 (reduceByKey at /opt/bitnami/spark/app/wordcount.py:9) finished in 2.713 s
[2025-06-05T08:55:41.957+0000] {spark_submit.py:521} INFO - 25/06/05 08:55:41 INFO DAGScheduler: looking for newly runnable stages
[2025-06-05T08:55:41.958+0000] {spark_submit.py:521} INFO - 25/06/05 08:55:41 INFO DAGScheduler: running: Set()
[2025-06-05T08:55:41.958+0000] {spark_submit.py:521} INFO - 25/06/05 08:55:41 INFO DAGScheduler: waiting: Set(ResultStage 1)
[2025-06-05T08:55:41.958+0000] {spark_submit.py:521} INFO - 25/06/05 08:55:41 INFO DAGScheduler: failed: Set()
[2025-06-05T08:55:41.961+0000] {spark_submit.py:521} INFO - 25/06/05 08:55:41 INFO DAGScheduler: Submitting ResultStage 1 (PythonRDD[5] at collect at /opt/bitnami/spark/app/wordcount.py:10), which has no missing parents
[2025-06-05T08:55:41.969+0000] {spark_submit.py:521} INFO - 25/06/05 08:55:41 INFO MemoryStore: Block broadcast_1 stored as values in memory (estimated size 9.9 KiB, free 434.4 MiB)
[2025-06-05T08:55:41.971+0000] {spark_submit.py:521} INFO - 25/06/05 08:55:41 INFO MemoryStore: Block broadcast_1_piece0 stored as bytes in memory (estimated size 6.0 KiB, free 434.4 MiB)
[2025-06-05T08:55:41.971+0000] {spark_submit.py:521} INFO - 25/06/05 08:55:41 INFO BlockManagerInfo: Added broadcast_1_piece0 in memory on d8f42655c8a1:36937 (size: 6.0 KiB, free: 434.4 MiB)
[2025-06-05T08:55:41.972+0000] {spark_submit.py:521} INFO - 25/06/05 08:55:41 INFO SparkContext: Created broadcast 1 from broadcast at DAGScheduler.scala:1585
[2025-06-05T08:55:41.974+0000] {spark_submit.py:521} INFO - 25/06/05 08:55:41 INFO DAGScheduler: Submitting 2 missing tasks from ResultStage 1 (PythonRDD[5] at collect at /opt/bitnami/spark/app/wordcount.py:10) (first 15 tasks are for partitions Vector(0, 1))
[2025-06-05T08:55:41.975+0000] {spark_submit.py:521} INFO - 25/06/05 08:55:41 INFO TaskSchedulerImpl: Adding task set 1.0 with 2 tasks resource profile 0
[2025-06-05T08:55:41.979+0000] {spark_submit.py:521} INFO - 25/06/05 08:55:41 INFO TaskSetManager: Starting task 0.0 in stage 1.0 (TID 2) (172.18.0.4, executor 0, partition 0, NODE_LOCAL, 8821 bytes)
[2025-06-05T08:55:41.979+0000] {spark_submit.py:521} INFO - 25/06/05 08:55:41 INFO TaskSetManager: Starting task 1.0 in stage 1.0 (TID 3) (172.18.0.4, executor 0, partition 1, NODE_LOCAL, 8821 bytes)
[2025-06-05T08:55:42.002+0000] {spark_submit.py:521} INFO - 25/06/05 08:55:42 INFO BlockManagerInfo: Added broadcast_1_piece0 in memory on 172.18.0.4:36261 (size: 6.0 KiB, free: 434.4 MiB)
[2025-06-05T08:55:42.281+0000] {spark_submit.py:521} INFO - 25/06/05 08:55:42 INFO MapOutputTrackerMasterEndpoint: Asked to send map output locations for shuffle 0 to 172.18.0.4:58432
[2025-06-05T08:55:42.551+0000] {spark_submit.py:521} INFO - 25/06/05 08:55:42 INFO TaskSetManager: Finished task 1.0 in stage 1.0 (TID 3) in 572 ms on 172.18.0.4 (executor 0) (1/2)
[2025-06-05T08:55:42.559+0000] {spark_submit.py:521} INFO - 25/06/05 08:55:42 INFO TaskSetManager: Finished task 0.0 in stage 1.0 (TID 2) in 581 ms on 172.18.0.4 (executor 0) (2/2)
[2025-06-05T08:55:42.559+0000] {spark_submit.py:521} INFO - 25/06/05 08:55:42 INFO TaskSchedulerImpl: Removed TaskSet 1.0, whose tasks have all completed, from pool
[2025-06-05T08:55:42.561+0000] {spark_submit.py:521} INFO - 25/06/05 08:55:42 INFO DAGScheduler: ResultStage 1 (collect at /opt/bitnami/spark/app/wordcount.py:10) finished in 0.594 s
[2025-06-05T08:55:42.563+0000] {spark_submit.py:521} INFO - 25/06/05 08:55:42 INFO DAGScheduler: Job 0 is finished. Cancelling potential speculative or zombie tasks for this job
[2025-06-05T08:55:42.564+0000] {spark_submit.py:521} INFO - 25/06/05 08:55:42 INFO TaskSchedulerImpl: Killing all running tasks in stage 1: Stage finished
[2025-06-05T08:55:42.568+0000] {spark_submit.py:521} INFO - 25/06/05 08:55:42 INFO DAGScheduler: Job 0 finished: collect at /opt/bitnami/spark/app/wordcount.py:10, took 3.371713 s
[2025-06-05T08:55:42.590+0000] {spark_submit.py:521} INFO - [('hello', 3), ('world', 1), ('***', 1), ('spark', 1)]
[2025-06-05T08:55:42.591+0000] {spark_submit.py:521} INFO - 25/06/05 08:55:42 INFO SparkContext: SparkContext is stopping with exitCode 0.
[2025-06-05T08:55:42.602+0000] {spark_submit.py:521} INFO - 25/06/05 08:55:42 INFO SparkUI: Stopped Spark web UI at http://d8f42655c8a1:4040
[2025-06-05T08:55:42.605+0000] {spark_submit.py:521} INFO - 25/06/05 08:55:42 INFO StandaloneSchedulerBackend: Shutting down all executors
[2025-06-05T08:55:42.606+0000] {spark_submit.py:521} INFO - 25/06/05 08:55:42 INFO StandaloneSchedulerBackend$StandaloneDriverEndpoint: Asking each executor to shut down
[2025-06-05T08:55:42.621+0000] {spark_submit.py:521} INFO - 25/06/05 08:55:42 INFO MapOutputTrackerMasterEndpoint: MapOutputTrackerMasterEndpoint stopped!
[2025-06-05T08:55:42.662+0000] {spark_submit.py:521} INFO - 25/06/05 08:55:42 INFO MemoryStore: MemoryStore cleared
[2025-06-05T08:55:42.663+0000] {spark_submit.py:521} INFO - 25/06/05 08:55:42 INFO BlockManager: BlockManager stopped
[2025-06-05T08:55:42.668+0000] {spark_submit.py:521} INFO - 25/06/05 08:55:42 INFO BlockManagerMaster: BlockManagerMaster stopped
[2025-06-05T08:55:42.669+0000] {spark_submit.py:521} INFO - 25/06/05 08:55:42 INFO OutputCommitCoordinator$OutputCommitCoordinatorEndpoint: OutputCommitCoordinator stopped!
[2025-06-05T08:55:42.686+0000] {spark_submit.py:521} INFO - 25/06/05 08:55:42 INFO SparkContext: Successfully stopped SparkContext
[2025-06-05T08:55:43.607+0000] {spark_submit.py:521} INFO - 25/06/05 08:55:43 INFO ShutdownHookManager: Shutdown hook called
[2025-06-05T08:55:43.607+0000] {spark_submit.py:521} INFO - 25/06/05 08:55:43 INFO ShutdownHookManager: Deleting directory /tmp/spark-347f835d-e472-4601-940b-50ff6abc34b4
[2025-06-05T08:55:43.619+0000] {spark_submit.py:521} INFO - 25/06/05 08:55:43 INFO ShutdownHookManager: Deleting directory /tmp/spark-347f835d-e472-4601-940b-50ff6abc34b4/pyspark-a9e64307-d071-4b26-834f-7cede4f5450a
[2025-06-05T08:55:43.627+0000] {spark_submit.py:521} INFO - 25/06/05 08:55:43 INFO ShutdownHookManager: Deleting directory /tmp/spark-8936a235-ef27-46de-b59f-f09fa8850e5c
[2025-06-05T08:55:43.687+0000] {taskinstance.py:341} INFO - ::group::Post task execution logs
[2025-06-05T08:55:43.688+0000] {taskinstance.py:353} INFO - Marking task as SUCCESS. dag_id=spark_wordcount, task_id=run_wordcount, run_id=manual__2025-06-05T08:55:34.702057+00:00, execution_date=20250605T085534, start_date=20250605T085534, end_date=20250605T085543
[2025-06-05T08:55:43.724+0000] {local_task_job_runner.py:266} INFO - Task exited with return code 0
[2025-06-05T08:55:43.737+0000] {taskinstance.py:3901} INFO - 0 downstream tasks scheduled from follow-on schedule check
[2025-06-05T08:55:43.739+0000] {local_task_job_runner.py:245} INFO - ::endgroup::
