[2025-06-18T02:01:00.299+0000] {local_task_job_runner.py:123} INFO - ::group::Pre task execution logs
[2025-06-18T02:01:00.318+0000] {taskinstance.py:2614} INFO - Dependencies all met for dep_context=non-requeueable deps ti=<TaskInstance: spark_wordcount.run_wordcount manual__2025-06-18T02:00:59.606867+00:00 [queued]>
[2025-06-18T02:01:00.327+0000] {taskinstance.py:2614} INFO - Dependencies all met for dep_context=requeueable deps ti=<TaskInstance: spark_wordcount.run_wordcount manual__2025-06-18T02:00:59.606867+00:00 [queued]>
[2025-06-18T02:01:00.327+0000] {taskinstance.py:2867} INFO - Starting attempt 1 of 1
[2025-06-18T02:01:00.340+0000] {taskinstance.py:2890} INFO - Executing <Task(SparkSubmitOperator): run_wordcount> on 2025-06-18 02:00:59.606867+00:00
[2025-06-18T02:01:00.347+0000] {standard_task_runner.py:104} INFO - Running: ['***', 'tasks', 'run', 'spark_wordcount', 'run_wordcount', 'manual__2025-06-18T02:00:59.606867+00:00', '--job-id', '2', '--raw', '--subdir', 'DAGS_FOLDER/test_spark.py', '--cfg-path', '/tmp/tmpyiig38z0']
[2025-06-18T02:01:00.349+0000] {standard_task_runner.py:105} INFO - Job 2: Subtask run_wordcount
[2025-06-18T02:01:00.351+0000] {logging_mixin.py:190} WARNING - /home/***/.local/lib/python3.12/site-packages/***/task/task_runner/standard_task_runner.py:70 DeprecationWarning: This process (pid=221) is multi-threaded, use of fork() may lead to deadlocks in the child.
[2025-06-18T02:01:00.352+0000] {standard_task_runner.py:72} INFO - Started process 222 to run task
[2025-06-18T02:01:00.388+0000] {task_command.py:467} INFO - Running <TaskInstance: spark_wordcount.run_wordcount manual__2025-06-18T02:00:59.606867+00:00 [running]> on host 9a450f683bb5
[2025-06-18T02:01:00.464+0000] {taskinstance.py:3134} INFO - Exporting env vars: AIRFLOW_CTX_DAG_OWNER='Polakorn Anantapakorn' AIRFLOW_CTX_DAG_ID='spark_wordcount' AIRFLOW_CTX_TASK_ID='run_wordcount' AIRFLOW_CTX_EXECUTION_DATE='2025-06-18T02:00:59.606867+00:00' AIRFLOW_CTX_TRY_NUMBER='1' AIRFLOW_CTX_DAG_RUN_ID='manual__2025-06-18T02:00:59.606867+00:00'
[2025-06-18T02:01:00.465+0000] {taskinstance.py:732} INFO - ::endgroup::
[2025-06-18T02:01:00.519+0000] {base.py:84} INFO - Retrieving connection 'spark_default'
[2025-06-18T02:01:00.520+0000] {spark_submit.py:351} INFO - Spark-Submit cmd: spark-submit --master spark://spark-master:7077 --name arrow-spark --verbose /opt/bitnami/spark/app/wordcount.py
[2025-06-18T02:01:02.220+0000] {spark_submit.py:521} INFO - Using properties file: null
[2025-06-18T02:01:02.332+0000] {spark_submit.py:521} INFO - Parsed arguments:
[2025-06-18T02:01:02.333+0000] {spark_submit.py:521} INFO - master                  spark://spark-master:7077
[2025-06-18T02:01:02.333+0000] {spark_submit.py:521} INFO - remote                  null
[2025-06-18T02:01:02.334+0000] {spark_submit.py:521} INFO - deployMode              null
[2025-06-18T02:01:02.334+0000] {spark_submit.py:521} INFO - executorMemory          null
[2025-06-18T02:01:02.335+0000] {spark_submit.py:521} INFO - executorCores           null
[2025-06-18T02:01:02.335+0000] {spark_submit.py:521} INFO - totalExecutorCores      null
[2025-06-18T02:01:02.335+0000] {spark_submit.py:521} INFO - propertiesFile          null
[2025-06-18T02:01:02.336+0000] {spark_submit.py:521} INFO - driverMemory            null
[2025-06-18T02:01:02.336+0000] {spark_submit.py:521} INFO - driverCores             null
[2025-06-18T02:01:02.337+0000] {spark_submit.py:521} INFO - driverExtraClassPath    null
[2025-06-18T02:01:02.337+0000] {spark_submit.py:521} INFO - driverExtraLibraryPath  null
[2025-06-18T02:01:02.337+0000] {spark_submit.py:521} INFO - driverExtraJavaOptions  null
[2025-06-18T02:01:02.338+0000] {spark_submit.py:521} INFO - supervise               false
[2025-06-18T02:01:02.338+0000] {spark_submit.py:521} INFO - queue                   null
[2025-06-18T02:01:02.338+0000] {spark_submit.py:521} INFO - numExecutors            null
[2025-06-18T02:01:02.339+0000] {spark_submit.py:521} INFO - files                   null
[2025-06-18T02:01:02.339+0000] {spark_submit.py:521} INFO - pyFiles                 null
[2025-06-18T02:01:02.339+0000] {spark_submit.py:521} INFO - archives                null
[2025-06-18T02:01:02.340+0000] {spark_submit.py:521} INFO - mainClass               null
[2025-06-18T02:01:02.340+0000] {spark_submit.py:521} INFO - primaryResource         file:/opt/bitnami/spark/app/wordcount.py
[2025-06-18T02:01:02.340+0000] {spark_submit.py:521} INFO - name                    arrow-spark
[2025-06-18T02:01:02.341+0000] {spark_submit.py:521} INFO - childArgs               []
[2025-06-18T02:01:02.341+0000] {spark_submit.py:521} INFO - jars                    null
[2025-06-18T02:01:02.341+0000] {spark_submit.py:521} INFO - packages                null
[2025-06-18T02:01:02.342+0000] {spark_submit.py:521} INFO - packagesExclusions      null
[2025-06-18T02:01:02.342+0000] {spark_submit.py:521} INFO - repositories            null
[2025-06-18T02:01:02.342+0000] {spark_submit.py:521} INFO - verbose                 true
[2025-06-18T02:01:02.343+0000] {spark_submit.py:521} INFO - 
[2025-06-18T02:01:02.343+0000] {spark_submit.py:521} INFO - Spark properties used, including those specified through
[2025-06-18T02:01:02.344+0000] {spark_submit.py:521} INFO - --conf and those from the properties file null:
[2025-06-18T02:01:02.344+0000] {spark_submit.py:521} INFO - 
[2025-06-18T02:01:02.344+0000] {spark_submit.py:521} INFO - 
[2025-06-18T02:01:02.345+0000] {spark_submit.py:521} INFO - 
[2025-06-18T02:01:02.641+0000] {spark_submit.py:521} INFO - Main class:
[2025-06-18T02:01:02.642+0000] {spark_submit.py:521} INFO - org.apache.spark.deploy.PythonRunner
[2025-06-18T02:01:02.642+0000] {spark_submit.py:521} INFO - Arguments:
[2025-06-18T02:01:02.643+0000] {spark_submit.py:521} INFO - file:/opt/bitnami/spark/app/wordcount.py
[2025-06-18T02:01:02.643+0000] {spark_submit.py:521} INFO - null
[2025-06-18T02:01:02.645+0000] {spark_submit.py:521} INFO - Spark config:
[2025-06-18T02:01:02.646+0000] {spark_submit.py:521} INFO - (spark.app.name,arrow-spark)
[2025-06-18T02:01:02.646+0000] {spark_submit.py:521} INFO - (spark.app.submitTime,1750212062624)
[2025-06-18T02:01:02.647+0000] {spark_submit.py:521} INFO - (spark.master,spark://spark-master:7077)
[2025-06-18T02:01:02.647+0000] {spark_submit.py:521} INFO - (spark.submit.deployMode,client)
[2025-06-18T02:01:02.647+0000] {spark_submit.py:521} INFO - (spark.submit.pyFiles,)
[2025-06-18T02:01:02.648+0000] {spark_submit.py:521} INFO - Classpath elements:
[2025-06-18T02:01:02.648+0000] {spark_submit.py:521} INFO - 
[2025-06-18T02:01:02.648+0000] {spark_submit.py:521} INFO - 
[2025-06-18T02:01:02.649+0000] {spark_submit.py:521} INFO - 
[2025-06-18T02:01:03.796+0000] {spark_submit.py:521} INFO - 25/06/18 02:01:03 INFO SparkContext: Running Spark version 3.5.2
[2025-06-18T02:01:03.798+0000] {spark_submit.py:521} INFO - 25/06/18 02:01:03 INFO SparkContext: OS info Linux, 5.15.146.1-microsoft-standard-WSL2, amd64
[2025-06-18T02:01:03.798+0000] {spark_submit.py:521} INFO - 25/06/18 02:01:03 INFO SparkContext: Java version 17.0.15
[2025-06-18T02:01:03.866+0000] {spark_submit.py:521} INFO - 25/06/18 02:01:03 WARN NativeCodeLoader: Unable to load native-hadoop library for your platform... using builtin-java classes where applicable
[2025-06-18T02:01:03.966+0000] {spark_submit.py:521} INFO - 25/06/18 02:01:03 INFO ResourceUtils: ==============================================================
[2025-06-18T02:01:03.966+0000] {spark_submit.py:521} INFO - 25/06/18 02:01:03 INFO ResourceUtils: No custom resources configured for spark.driver.
[2025-06-18T02:01:03.967+0000] {spark_submit.py:521} INFO - 25/06/18 02:01:03 INFO ResourceUtils: ==============================================================
[2025-06-18T02:01:03.967+0000] {spark_submit.py:521} INFO - 25/06/18 02:01:03 INFO SparkContext: Submitted application: WordCount
[2025-06-18T02:01:03.987+0000] {spark_submit.py:521} INFO - 25/06/18 02:01:03 INFO ResourceProfile: Default ResourceProfile created, executor resources: Map(memory -> name: memory, amount: 1024, script: , vendor: , offHeap -> name: offHeap, amount: 0, script: , vendor: ), task resources: Map(cpus -> name: cpus, amount: 1.0)
[2025-06-18T02:01:03.994+0000] {spark_submit.py:521} INFO - 25/06/18 02:01:03 INFO ResourceProfile: Limiting resource is cpu
[2025-06-18T02:01:03.995+0000] {spark_submit.py:521} INFO - 25/06/18 02:01:03 INFO ResourceProfileManager: Added ResourceProfile id: 0
[2025-06-18T02:01:04.057+0000] {spark_submit.py:521} INFO - 25/06/18 02:01:04 INFO SecurityManager: Changing view acls to: ***
[2025-06-18T02:01:04.058+0000] {spark_submit.py:521} INFO - 25/06/18 02:01:04 INFO SecurityManager: Changing modify acls to: ***
[2025-06-18T02:01:04.059+0000] {spark_submit.py:521} INFO - 25/06/18 02:01:04 INFO SecurityManager: Changing view acls groups to:
[2025-06-18T02:01:04.059+0000] {spark_submit.py:521} INFO - 25/06/18 02:01:04 INFO SecurityManager: Changing modify acls groups to:
[2025-06-18T02:01:04.059+0000] {spark_submit.py:521} INFO - 25/06/18 02:01:04 INFO SecurityManager: SecurityManager: authentication disabled; ui acls disabled; users with view permissions: ***; groups with view permissions: EMPTY; users with modify permissions: ***; groups with modify permissions: EMPTY
[2025-06-18T02:01:04.302+0000] {spark_submit.py:521} INFO - 25/06/18 02:01:04 INFO Utils: Successfully started service 'sparkDriver' on port 43901.
[2025-06-18T02:01:04.338+0000] {spark_submit.py:521} INFO - 25/06/18 02:01:04 INFO SparkEnv: Registering MapOutputTracker
[2025-06-18T02:01:04.373+0000] {spark_submit.py:521} INFO - 25/06/18 02:01:04 INFO SparkEnv: Registering BlockManagerMaster
[2025-06-18T02:01:04.395+0000] {spark_submit.py:521} INFO - 25/06/18 02:01:04 INFO BlockManagerMasterEndpoint: Using org.apache.spark.storage.DefaultTopologyMapper for getting topology information
[2025-06-18T02:01:04.396+0000] {spark_submit.py:521} INFO - 25/06/18 02:01:04 INFO BlockManagerMasterEndpoint: BlockManagerMasterEndpoint up
[2025-06-18T02:01:04.400+0000] {spark_submit.py:521} INFO - 25/06/18 02:01:04 INFO SparkEnv: Registering BlockManagerMasterHeartbeat
[2025-06-18T02:01:04.427+0000] {spark_submit.py:521} INFO - 25/06/18 02:01:04 INFO DiskBlockManager: Created local directory at /tmp/blockmgr-13852f5e-6670-4164-af75-a96b68bed1a4
[2025-06-18T02:01:04.441+0000] {spark_submit.py:521} INFO - 25/06/18 02:01:04 INFO MemoryStore: MemoryStore started with capacity 434.4 MiB
[2025-06-18T02:01:04.456+0000] {spark_submit.py:521} INFO - 25/06/18 02:01:04 INFO SparkEnv: Registering OutputCommitCoordinator
[2025-06-18T02:01:04.612+0000] {spark_submit.py:521} INFO - 25/06/18 02:01:04 INFO JettyUtils: Start Jetty 0.0.0.0:4040 for SparkUI
[2025-06-18T02:01:04.669+0000] {spark_submit.py:521} INFO - 25/06/18 02:01:04 INFO Utils: Successfully started service 'SparkUI' on port 4040.
[2025-06-18T02:01:04.779+0000] {spark_submit.py:521} INFO - 25/06/18 02:01:04 INFO StandaloneAppClient$ClientEndpoint: Connecting to master spark://spark-master:7077...
[2025-06-18T02:01:04.824+0000] {spark_submit.py:521} INFO - 25/06/18 02:01:04 INFO TransportClientFactory: Successfully created connection to spark-master/172.18.0.4:7077 after 24 ms (0 ms spent in bootstraps)
[2025-06-18T02:01:05.006+0000] {spark_submit.py:521} INFO - 25/06/18 02:01:05 INFO StandaloneSchedulerBackend: Connected to Spark cluster with app ID app-20250618020104-0000
[2025-06-18T02:01:05.014+0000] {spark_submit.py:521} INFO - 25/06/18 02:01:05 INFO Utils: Successfully started service 'org.apache.spark.network.netty.NettyBlockTransferService' on port 42459.
[2025-06-18T02:01:05.015+0000] {spark_submit.py:521} INFO - 25/06/18 02:01:05 INFO NettyBlockTransferService: Server created on 9a450f683bb5:42459
[2025-06-18T02:01:05.016+0000] {spark_submit.py:521} INFO - 25/06/18 02:01:05 INFO BlockManager: Using org.apache.spark.storage.RandomBlockReplicationPolicy for block replication policy
[2025-06-18T02:01:05.023+0000] {spark_submit.py:521} INFO - 25/06/18 02:01:05 INFO BlockManagerMaster: Registering BlockManager BlockManagerId(driver, 9a450f683bb5, 42459, None)
[2025-06-18T02:01:05.026+0000] {spark_submit.py:521} INFO - 25/06/18 02:01:05 INFO BlockManagerMasterEndpoint: Registering block manager 9a450f683bb5:42459 with 434.4 MiB RAM, BlockManagerId(driver, 9a450f683bb5, 42459, None)
[2025-06-18T02:01:05.028+0000] {spark_submit.py:521} INFO - 25/06/18 02:01:05 INFO BlockManagerMaster: Registered BlockManager BlockManagerId(driver, 9a450f683bb5, 42459, None)
[2025-06-18T02:01:05.029+0000] {spark_submit.py:521} INFO - 25/06/18 02:01:05 INFO BlockManager: Initialized BlockManager: BlockManagerId(driver, 9a450f683bb5, 42459, None)
[2025-06-18T02:01:05.031+0000] {spark_submit.py:521} INFO - 25/06/18 02:01:05 INFO StandaloneAppClient$ClientEndpoint: Executor added: app-20250618020104-0000/0 on worker-20250618015902-172.18.0.2-42529 (172.18.0.2:42529) with 2 core(s)
[2025-06-18T02:01:05.033+0000] {spark_submit.py:521} INFO - 25/06/18 02:01:05 INFO StandaloneSchedulerBackend: Granted executor ID app-20250618020104-0000/0 on hostPort 172.18.0.2:42529 with 2 core(s), 1024.0 MiB RAM
[2025-06-18T02:01:05.226+0000] {spark_submit.py:521} INFO - 25/06/18 02:01:05 INFO StandaloneSchedulerBackend: SchedulerBackend is ready for scheduling beginning after reached minRegisteredResourcesRatio: 0.0
[2025-06-18T02:01:05.242+0000] {spark_submit.py:521} INFO - 25/06/18 02:01:05 INFO StandaloneAppClient$ClientEndpoint: Executor updated: app-20250618020104-0000/0 is now RUNNING
[2025-06-18T02:01:05.858+0000] {spark_submit.py:521} INFO - 25/06/18 02:01:05 INFO SparkContext: Starting job: collect at /opt/bitnami/spark/app/wordcount.py:10
[2025-06-18T02:01:05.895+0000] {spark_submit.py:521} INFO - 25/06/18 02:01:05 INFO DAGScheduler: Registering RDD 2 (reduceByKey at /opt/bitnami/spark/app/wordcount.py:9) as input to shuffle 0
[2025-06-18T02:01:05.901+0000] {spark_submit.py:521} INFO - 25/06/18 02:01:05 INFO DAGScheduler: Got job 0 (collect at /opt/bitnami/spark/app/wordcount.py:10) with 2 output partitions
[2025-06-18T02:01:05.902+0000] {spark_submit.py:521} INFO - 25/06/18 02:01:05 INFO DAGScheduler: Final stage: ResultStage 1 (collect at /opt/bitnami/spark/app/wordcount.py:10)
[2025-06-18T02:01:05.902+0000] {spark_submit.py:521} INFO - 25/06/18 02:01:05 INFO DAGScheduler: Parents of final stage: List(ShuffleMapStage 0)
[2025-06-18T02:01:05.903+0000] {spark_submit.py:521} INFO - 25/06/18 02:01:05 INFO DAGScheduler: Missing parents: List(ShuffleMapStage 0)
[2025-06-18T02:01:05.909+0000] {spark_submit.py:521} INFO - 25/06/18 02:01:05 INFO DAGScheduler: Submitting ShuffleMapStage 0 (PairwiseRDD[2] at reduceByKey at /opt/bitnami/spark/app/wordcount.py:9), which has no missing parents
[2025-06-18T02:01:06.008+0000] {spark_submit.py:521} INFO - 25/06/18 02:01:06 INFO MemoryStore: Block broadcast_0 stored as values in memory (estimated size 11.5 KiB, free 434.4 MiB)
[2025-06-18T02:01:06.054+0000] {spark_submit.py:521} INFO - 25/06/18 02:01:06 INFO MemoryStore: Block broadcast_0_piece0 stored as bytes in memory (estimated size 7.2 KiB, free 434.4 MiB)
[2025-06-18T02:01:06.058+0000] {spark_submit.py:521} INFO - 25/06/18 02:01:06 INFO BlockManagerInfo: Added broadcast_0_piece0 in memory on 9a450f683bb5:42459 (size: 7.2 KiB, free: 434.4 MiB)
[2025-06-18T02:01:06.061+0000] {spark_submit.py:521} INFO - 25/06/18 02:01:06 INFO SparkContext: Created broadcast 0 from broadcast at DAGScheduler.scala:1585
[2025-06-18T02:01:06.078+0000] {spark_submit.py:521} INFO - 25/06/18 02:01:06 INFO DAGScheduler: Submitting 2 missing tasks from ShuffleMapStage 0 (PairwiseRDD[2] at reduceByKey at /opt/bitnami/spark/app/wordcount.py:9) (first 15 tasks are for partitions Vector(0, 1))
[2025-06-18T02:01:06.078+0000] {spark_submit.py:521} INFO - 25/06/18 02:01:06 INFO TaskSchedulerImpl: Adding task set 0.0 with 2 tasks resource profile 0
[2025-06-18T02:01:07.493+0000] {spark_submit.py:521} INFO - 25/06/18 02:01:07 INFO StandaloneSchedulerBackend$StandaloneDriverEndpoint: Registered executor NettyRpcEndpointRef(spark-client://Executor) (172.18.0.2:54110) with ID 0,  ResourceProfileId 0
[2025-06-18T02:01:07.550+0000] {spark_submit.py:521} INFO - 25/06/18 02:01:07 INFO BlockManagerMasterEndpoint: Registering block manager 172.18.0.2:43067 with 434.4 MiB RAM, BlockManagerId(0, 172.18.0.2, 43067, None)
[2025-06-18T02:01:07.597+0000] {spark_submit.py:521} INFO - 25/06/18 02:01:07 INFO TaskSetManager: Starting task 0.0 in stage 0.0 (TID 0) (172.18.0.2, executor 0, partition 0, PROCESS_LOCAL, 9011 bytes)
[2025-06-18T02:01:07.600+0000] {spark_submit.py:521} INFO - 25/06/18 02:01:07 INFO TaskSetManager: Starting task 1.0 in stage 0.0 (TID 1) (172.18.0.2, executor 0, partition 1, PROCESS_LOCAL, 9052 bytes)
[2025-06-18T02:01:07.834+0000] {spark_submit.py:521} INFO - 25/06/18 02:01:07 INFO BlockManagerInfo: Added broadcast_0_piece0 in memory on 172.18.0.2:43067 (size: 7.2 KiB, free: 434.4 MiB)
[2025-06-18T02:01:09.241+0000] {spark_submit.py:521} INFO - 25/06/18 02:01:09 INFO TaskSetManager: Finished task 1.0 in stage 0.0 (TID 1) in 1641 ms on 172.18.0.2 (executor 0) (1/2)
[2025-06-18T02:01:09.242+0000] {spark_submit.py:521} INFO - 25/06/18 02:01:09 INFO TaskSetManager: Finished task 0.0 in stage 0.0 (TID 0) in 1656 ms on 172.18.0.2 (executor 0) (2/2)
[2025-06-18T02:01:09.243+0000] {spark_submit.py:521} INFO - 25/06/18 02:01:09 INFO TaskSchedulerImpl: Removed TaskSet 0.0, whose tasks have all completed, from pool
[2025-06-18T02:01:09.248+0000] {spark_submit.py:521} INFO - 25/06/18 02:01:09 INFO PythonAccumulatorV2: Connected to AccumulatorServer at host: 127.0.0.1 port: 55637
[2025-06-18T02:01:09.253+0000] {spark_submit.py:521} INFO - 25/06/18 02:01:09 INFO DAGScheduler: ShuffleMapStage 0 (reduceByKey at /opt/bitnami/spark/app/wordcount.py:9) finished in 3.326 s
[2025-06-18T02:01:09.254+0000] {spark_submit.py:521} INFO - 25/06/18 02:01:09 INFO DAGScheduler: looking for newly runnable stages
[2025-06-18T02:01:09.254+0000] {spark_submit.py:521} INFO - 25/06/18 02:01:09 INFO DAGScheduler: running: Set()
[2025-06-18T02:01:09.255+0000] {spark_submit.py:521} INFO - 25/06/18 02:01:09 INFO DAGScheduler: waiting: Set(ResultStage 1)
[2025-06-18T02:01:09.255+0000] {spark_submit.py:521} INFO - 25/06/18 02:01:09 INFO DAGScheduler: failed: Set()
[2025-06-18T02:01:09.258+0000] {spark_submit.py:521} INFO - 25/06/18 02:01:09 INFO DAGScheduler: Submitting ResultStage 1 (PythonRDD[5] at collect at /opt/bitnami/spark/app/wordcount.py:10), which has no missing parents
[2025-06-18T02:01:09.268+0000] {spark_submit.py:521} INFO - 25/06/18 02:01:09 INFO MemoryStore: Block broadcast_1 stored as values in memory (estimated size 9.9 KiB, free 434.4 MiB)
[2025-06-18T02:01:09.273+0000] {spark_submit.py:521} INFO - 25/06/18 02:01:09 INFO MemoryStore: Block broadcast_1_piece0 stored as bytes in memory (estimated size 6.0 KiB, free 434.4 MiB)
[2025-06-18T02:01:09.273+0000] {spark_submit.py:521} INFO - 25/06/18 02:01:09 INFO BlockManagerInfo: Added broadcast_1_piece0 in memory on 9a450f683bb5:42459 (size: 6.0 KiB, free: 434.4 MiB)
[2025-06-18T02:01:09.274+0000] {spark_submit.py:521} INFO - 25/06/18 02:01:09 INFO SparkContext: Created broadcast 1 from broadcast at DAGScheduler.scala:1585
[2025-06-18T02:01:09.276+0000] {spark_submit.py:521} INFO - 25/06/18 02:01:09 INFO DAGScheduler: Submitting 2 missing tasks from ResultStage 1 (PythonRDD[5] at collect at /opt/bitnami/spark/app/wordcount.py:10) (first 15 tasks are for partitions Vector(0, 1))
[2025-06-18T02:01:09.277+0000] {spark_submit.py:521} INFO - 25/06/18 02:01:09 INFO TaskSchedulerImpl: Adding task set 1.0 with 2 tasks resource profile 0
[2025-06-18T02:01:09.282+0000] {spark_submit.py:521} INFO - 25/06/18 02:01:09 INFO TaskSetManager: Starting task 0.0 in stage 1.0 (TID 2) (172.18.0.2, executor 0, partition 0, NODE_LOCAL, 8821 bytes)
[2025-06-18T02:01:09.283+0000] {spark_submit.py:521} INFO - 25/06/18 02:01:09 INFO TaskSetManager: Starting task 1.0 in stage 1.0 (TID 3) (172.18.0.2, executor 0, partition 1, NODE_LOCAL, 8821 bytes)
[2025-06-18T02:01:09.307+0000] {spark_submit.py:521} INFO - 25/06/18 02:01:09 INFO BlockManagerInfo: Added broadcast_1_piece0 in memory on 172.18.0.2:43067 (size: 6.0 KiB, free: 434.4 MiB)
[2025-06-18T02:01:09.396+0000] {spark_submit.py:521} INFO - 25/06/18 02:01:09 INFO MapOutputTrackerMasterEndpoint: Asked to send map output locations for shuffle 0 to 172.18.0.2:54110
[2025-06-18T02:01:09.604+0000] {spark_submit.py:521} INFO - 25/06/18 02:01:09 INFO TaskSetManager: Finished task 1.0 in stage 1.0 (TID 3) in 322 ms on 172.18.0.2 (executor 0) (1/2)
[2025-06-18T02:01:09.620+0000] {spark_submit.py:521} INFO - 25/06/18 02:01:09 INFO TaskSetManager: Finished task 0.0 in stage 1.0 (TID 2) in 339 ms on 172.18.0.2 (executor 0) (2/2)
[2025-06-18T02:01:09.621+0000] {spark_submit.py:521} INFO - 25/06/18 02:01:09 INFO TaskSchedulerImpl: Removed TaskSet 1.0, whose tasks have all completed, from pool
[2025-06-18T02:01:09.623+0000] {spark_submit.py:521} INFO - 25/06/18 02:01:09 INFO DAGScheduler: ResultStage 1 (collect at /opt/bitnami/spark/app/wordcount.py:10) finished in 0.356 s
[2025-06-18T02:01:09.627+0000] {spark_submit.py:521} INFO - 25/06/18 02:01:09 INFO DAGScheduler: Job 0 is finished. Cancelling potential speculative or zombie tasks for this job
[2025-06-18T02:01:09.628+0000] {spark_submit.py:521} INFO - 25/06/18 02:01:09 INFO TaskSchedulerImpl: Killing all running tasks in stage 1: Stage finished
[2025-06-18T02:01:09.630+0000] {spark_submit.py:521} INFO - 25/06/18 02:01:09 INFO DAGScheduler: Job 0 finished: collect at /opt/bitnami/spark/app/wordcount.py:10, took 3.772049 s
[2025-06-18T02:01:09.648+0000] {spark_submit.py:521} INFO - [('hello', 3), ('world', 1), ('***', 1), ('spark', 1)]
[2025-06-18T02:01:09.650+0000] {spark_submit.py:521} INFO - 25/06/18 02:01:09 INFO SparkContext: SparkContext is stopping with exitCode 0.
[2025-06-18T02:01:09.660+0000] {spark_submit.py:521} INFO - 25/06/18 02:01:09 INFO SparkUI: Stopped Spark web UI at http://9a450f683bb5:4040
[2025-06-18T02:01:09.664+0000] {spark_submit.py:521} INFO - 25/06/18 02:01:09 INFO StandaloneSchedulerBackend: Shutting down all executors
[2025-06-18T02:01:09.665+0000] {spark_submit.py:521} INFO - 25/06/18 02:01:09 INFO StandaloneSchedulerBackend$StandaloneDriverEndpoint: Asking each executor to shut down
[2025-06-18T02:01:09.680+0000] {spark_submit.py:521} INFO - 25/06/18 02:01:09 INFO MapOutputTrackerMasterEndpoint: MapOutputTrackerMasterEndpoint stopped!
[2025-06-18T02:01:09.699+0000] {spark_submit.py:521} INFO - 25/06/18 02:01:09 INFO MemoryStore: MemoryStore cleared
[2025-06-18T02:01:09.699+0000] {spark_submit.py:521} INFO - 25/06/18 02:01:09 INFO BlockManager: BlockManager stopped
[2025-06-18T02:01:09.705+0000] {spark_submit.py:521} INFO - 25/06/18 02:01:09 INFO BlockManagerMaster: BlockManagerMaster stopped
[2025-06-18T02:01:09.708+0000] {spark_submit.py:521} INFO - 25/06/18 02:01:09 INFO OutputCommitCoordinator$OutputCommitCoordinatorEndpoint: OutputCommitCoordinator stopped!
[2025-06-18T02:01:09.721+0000] {spark_submit.py:521} INFO - 25/06/18 02:01:09 INFO SparkContext: Successfully stopped SparkContext
[2025-06-18T02:01:10.689+0000] {spark_submit.py:521} INFO - 25/06/18 02:01:10 INFO ShutdownHookManager: Shutdown hook called
[2025-06-18T02:01:10.690+0000] {spark_submit.py:521} INFO - 25/06/18 02:01:10 INFO ShutdownHookManager: Deleting directory /tmp/spark-3f50b3de-fcdc-4173-b702-4b2ce1e9deb9
[2025-06-18T02:01:10.696+0000] {spark_submit.py:521} INFO - 25/06/18 02:01:10 INFO ShutdownHookManager: Deleting directory /tmp/spark-3f50b3de-fcdc-4173-b702-4b2ce1e9deb9/pyspark-d7c5edbc-cc23-429f-b687-f701dfbaa1a6
[2025-06-18T02:01:10.699+0000] {spark_submit.py:521} INFO - 25/06/18 02:01:10 INFO ShutdownHookManager: Deleting directory /tmp/spark-43caff55-289d-4bfa-80d1-bac042b815ba
[2025-06-18T02:01:10.735+0000] {taskinstance.py:341} INFO - ::group::Post task execution logs
[2025-06-18T02:01:10.736+0000] {taskinstance.py:353} INFO - Marking task as SUCCESS. dag_id=spark_wordcount, task_id=run_wordcount, run_id=manual__2025-06-18T02:00:59.606867+00:00, execution_date=20250618T020059, start_date=20250618T020100, end_date=20250618T020110
[2025-06-18T02:01:10.794+0000] {local_task_job_runner.py:266} INFO - Task exited with return code 0
[2025-06-18T02:01:10.809+0000] {taskinstance.py:3901} INFO - 0 downstream tasks scheduled from follow-on schedule check
[2025-06-18T02:01:10.811+0000] {local_task_job_runner.py:245} INFO - ::endgroup::
