[2025-06-05T08:47:41.291+0000] {local_task_job_runner.py:123} INFO - ::group::Pre task execution logs
[2025-06-05T08:47:41.308+0000] {taskinstance.py:2614} INFO - Dependencies all met for dep_context=non-requeueable deps ti=<TaskInstance: spark_wordcount.run_wordcount manual__2025-06-05T08:47:40.608217+00:00 [queued]>
[2025-06-05T08:47:41.316+0000] {taskinstance.py:2614} INFO - Dependencies all met for dep_context=requeueable deps ti=<TaskInstance: spark_wordcount.run_wordcount manual__2025-06-05T08:47:40.608217+00:00 [queued]>
[2025-06-05T08:47:41.317+0000] {taskinstance.py:2867} INFO - Starting attempt 1 of 1
[2025-06-05T08:47:41.329+0000] {taskinstance.py:2890} INFO - Executing <Task(SparkSubmitOperator): run_wordcount> on 2025-06-05 08:47:40.608217+00:00
[2025-06-05T08:47:41.339+0000] {standard_task_runner.py:104} INFO - Running: ['***', 'tasks', 'run', 'spark_wordcount', 'run_wordcount', 'manual__2025-06-05T08:47:40.608217+00:00', '--job-id', '2', '--raw', '--subdir', 'DAGS_FOLDER/test_spark.py', '--cfg-path', '/tmp/tmp73r8famd']
[2025-06-05T08:47:41.340+0000] {standard_task_runner.py:105} INFO - Job 2: Subtask run_wordcount
[2025-06-05T08:47:41.342+0000] {logging_mixin.py:190} WARNING - /home/***/.local/lib/python3.12/site-packages/***/task/task_runner/standard_task_runner.py:70 DeprecationWarning: This process (pid=259) is multi-threaded, use of fork() may lead to deadlocks in the child.
[2025-06-05T08:47:41.343+0000] {standard_task_runner.py:72} INFO - Started process 260 to run task
[2025-06-05T08:47:41.378+0000] {task_command.py:467} INFO - Running <TaskInstance: spark_wordcount.run_wordcount manual__2025-06-05T08:47:40.608217+00:00 [running]> on host d8f42655c8a1
[2025-06-05T08:47:41.459+0000] {taskinstance.py:3134} INFO - Exporting env vars: AIRFLOW_CTX_DAG_OWNER='Polakorn Anantapakorn' AIRFLOW_CTX_DAG_ID='spark_wordcount' AIRFLOW_CTX_TASK_ID='run_wordcount' AIRFLOW_CTX_EXECUTION_DATE='2025-06-05T08:47:40.608217+00:00' AIRFLOW_CTX_TRY_NUMBER='1' AIRFLOW_CTX_DAG_RUN_ID='manual__2025-06-05T08:47:40.608217+00:00'
[2025-06-05T08:47:41.459+0000] {taskinstance.py:732} INFO - ::endgroup::
[2025-06-05T08:47:41.524+0000] {base.py:84} INFO - Retrieving connection 'spark_default'
[2025-06-05T08:47:41.525+0000] {spark_submit.py:351} INFO - Spark-Submit cmd: spark-submit --master spark://spark-master:7077 --name arrow-spark --verbose /opt/bitnami/spark/app/wordcount.py
[2025-06-05T08:47:43.323+0000] {spark_submit.py:521} INFO - Using properties file: null
[2025-06-05T08:47:43.434+0000] {spark_submit.py:521} INFO - Parsed arguments:
[2025-06-05T08:47:43.435+0000] {spark_submit.py:521} INFO - master                  spark://spark-master:7077
[2025-06-05T08:47:43.435+0000] {spark_submit.py:521} INFO - remote                  null
[2025-06-05T08:47:43.436+0000] {spark_submit.py:521} INFO - deployMode              null
[2025-06-05T08:47:43.436+0000] {spark_submit.py:521} INFO - executorMemory          null
[2025-06-05T08:47:43.436+0000] {spark_submit.py:521} INFO - executorCores           null
[2025-06-05T08:47:43.437+0000] {spark_submit.py:521} INFO - totalExecutorCores      null
[2025-06-05T08:47:43.437+0000] {spark_submit.py:521} INFO - propertiesFile          null
[2025-06-05T08:47:43.437+0000] {spark_submit.py:521} INFO - driverMemory            null
[2025-06-05T08:47:43.438+0000] {spark_submit.py:521} INFO - driverCores             null
[2025-06-05T08:47:43.438+0000] {spark_submit.py:521} INFO - driverExtraClassPath    null
[2025-06-05T08:47:43.438+0000] {spark_submit.py:521} INFO - driverExtraLibraryPath  null
[2025-06-05T08:47:43.439+0000] {spark_submit.py:521} INFO - driverExtraJavaOptions  null
[2025-06-05T08:47:43.439+0000] {spark_submit.py:521} INFO - supervise               false
[2025-06-05T08:47:43.439+0000] {spark_submit.py:521} INFO - queue                   null
[2025-06-05T08:47:43.439+0000] {spark_submit.py:521} INFO - numExecutors            null
[2025-06-05T08:47:43.440+0000] {spark_submit.py:521} INFO - files                   null
[2025-06-05T08:47:43.440+0000] {spark_submit.py:521} INFO - pyFiles                 null
[2025-06-05T08:47:43.440+0000] {spark_submit.py:521} INFO - archives                null
[2025-06-05T08:47:43.441+0000] {spark_submit.py:521} INFO - mainClass               null
[2025-06-05T08:47:43.441+0000] {spark_submit.py:521} INFO - primaryResource         file:/opt/bitnami/spark/app/wordcount.py
[2025-06-05T08:47:43.441+0000] {spark_submit.py:521} INFO - name                    arrow-spark
[2025-06-05T08:47:43.442+0000] {spark_submit.py:521} INFO - childArgs               []
[2025-06-05T08:47:43.442+0000] {spark_submit.py:521} INFO - jars                    null
[2025-06-05T08:47:43.442+0000] {spark_submit.py:521} INFO - packages                null
[2025-06-05T08:47:43.443+0000] {spark_submit.py:521} INFO - packagesExclusions      null
[2025-06-05T08:47:43.443+0000] {spark_submit.py:521} INFO - repositories            null
[2025-06-05T08:47:43.443+0000] {spark_submit.py:521} INFO - verbose                 true
[2025-06-05T08:47:43.444+0000] {spark_submit.py:521} INFO - 
[2025-06-05T08:47:43.444+0000] {spark_submit.py:521} INFO - Spark properties used, including those specified through
[2025-06-05T08:47:43.444+0000] {spark_submit.py:521} INFO - --conf and those from the properties file null:
[2025-06-05T08:47:43.445+0000] {spark_submit.py:521} INFO - 
[2025-06-05T08:47:43.445+0000] {spark_submit.py:521} INFO - 
[2025-06-05T08:47:43.445+0000] {spark_submit.py:521} INFO - 
[2025-06-05T08:47:43.707+0000] {spark_submit.py:521} INFO - Main class:
[2025-06-05T08:47:43.708+0000] {spark_submit.py:521} INFO - org.apache.spark.deploy.PythonRunner
[2025-06-05T08:47:43.709+0000] {spark_submit.py:521} INFO - Arguments:
[2025-06-05T08:47:43.709+0000] {spark_submit.py:521} INFO - file:/opt/bitnami/spark/app/wordcount.py
[2025-06-05T08:47:43.709+0000] {spark_submit.py:521} INFO - null
[2025-06-05T08:47:43.711+0000] {spark_submit.py:521} INFO - Spark config:
[2025-06-05T08:47:43.712+0000] {spark_submit.py:521} INFO - (spark.app.name,arrow-spark)
[2025-06-05T08:47:43.712+0000] {spark_submit.py:521} INFO - (spark.app.submitTime,1749113263691)
[2025-06-05T08:47:43.713+0000] {spark_submit.py:521} INFO - (spark.master,spark://spark-master:7077)
[2025-06-05T08:47:43.713+0000] {spark_submit.py:521} INFO - (spark.submit.deployMode,client)
[2025-06-05T08:47:43.713+0000] {spark_submit.py:521} INFO - (spark.submit.pyFiles,)
[2025-06-05T08:47:43.714+0000] {spark_submit.py:521} INFO - Classpath elements:
[2025-06-05T08:47:43.714+0000] {spark_submit.py:521} INFO - 
[2025-06-05T08:47:43.714+0000] {spark_submit.py:521} INFO - 
[2025-06-05T08:47:43.715+0000] {spark_submit.py:521} INFO - 
[2025-06-05T08:47:44.799+0000] {spark_submit.py:521} INFO - 25/06/05 08:47:44 INFO SparkContext: Running Spark version 3.5.2
[2025-06-05T08:47:44.800+0000] {spark_submit.py:521} INFO - 25/06/05 08:47:44 INFO SparkContext: OS info Linux, 5.15.146.1-microsoft-standard-WSL2, amd64
[2025-06-05T08:47:44.801+0000] {spark_submit.py:521} INFO - 25/06/05 08:47:44 INFO SparkContext: Java version 17.0.15
[2025-06-05T08:47:44.862+0000] {spark_submit.py:521} INFO - 25/06/05 08:47:44 WARN NativeCodeLoader: Unable to load native-hadoop library for your platform... using builtin-java classes where applicable
[2025-06-05T08:47:44.954+0000] {spark_submit.py:521} INFO - 25/06/05 08:47:44 INFO ResourceUtils: ==============================================================
[2025-06-05T08:47:44.954+0000] {spark_submit.py:521} INFO - 25/06/05 08:47:44 INFO ResourceUtils: No custom resources configured for spark.driver.
[2025-06-05T08:47:44.955+0000] {spark_submit.py:521} INFO - 25/06/05 08:47:44 INFO ResourceUtils: ==============================================================
[2025-06-05T08:47:44.955+0000] {spark_submit.py:521} INFO - 25/06/05 08:47:44 INFO SparkContext: Submitted application: WordCount
[2025-06-05T08:47:44.973+0000] {spark_submit.py:521} INFO - 25/06/05 08:47:44 INFO ResourceProfile: Default ResourceProfile created, executor resources: Map(memory -> name: memory, amount: 1024, script: , vendor: , offHeap -> name: offHeap, amount: 0, script: , vendor: ), task resources: Map(cpus -> name: cpus, amount: 1.0)
[2025-06-05T08:47:44.980+0000] {spark_submit.py:521} INFO - 25/06/05 08:47:44 INFO ResourceProfile: Limiting resource is cpu
[2025-06-05T08:47:44.981+0000] {spark_submit.py:521} INFO - 25/06/05 08:47:44 INFO ResourceProfileManager: Added ResourceProfile id: 0
[2025-06-05T08:47:45.035+0000] {spark_submit.py:521} INFO - 25/06/05 08:47:45 INFO SecurityManager: Changing view acls to: ***
[2025-06-05T08:47:45.035+0000] {spark_submit.py:521} INFO - 25/06/05 08:47:45 INFO SecurityManager: Changing modify acls to: ***
[2025-06-05T08:47:45.036+0000] {spark_submit.py:521} INFO - 25/06/05 08:47:45 INFO SecurityManager: Changing view acls groups to:
[2025-06-05T08:47:45.036+0000] {spark_submit.py:521} INFO - 25/06/05 08:47:45 INFO SecurityManager: Changing modify acls groups to:
[2025-06-05T08:47:45.037+0000] {spark_submit.py:521} INFO - 25/06/05 08:47:45 INFO SecurityManager: SecurityManager: authentication disabled; ui acls disabled; users with view permissions: ***; groups with view permissions: EMPTY; users with modify permissions: ***; groups with modify permissions: EMPTY
[2025-06-05T08:47:45.243+0000] {spark_submit.py:521} INFO - 25/06/05 08:47:45 INFO Utils: Successfully started service 'sparkDriver' on port 43045.
[2025-06-05T08:47:45.274+0000] {spark_submit.py:521} INFO - 25/06/05 08:47:45 INFO SparkEnv: Registering MapOutputTracker
[2025-06-05T08:47:45.308+0000] {spark_submit.py:521} INFO - 25/06/05 08:47:45 INFO SparkEnv: Registering BlockManagerMaster
[2025-06-05T08:47:45.328+0000] {spark_submit.py:521} INFO - 25/06/05 08:47:45 INFO BlockManagerMasterEndpoint: Using org.apache.spark.storage.DefaultTopologyMapper for getting topology information
[2025-06-05T08:47:45.329+0000] {spark_submit.py:521} INFO - 25/06/05 08:47:45 INFO BlockManagerMasterEndpoint: BlockManagerMasterEndpoint up
[2025-06-05T08:47:45.333+0000] {spark_submit.py:521} INFO - 25/06/05 08:47:45 INFO SparkEnv: Registering BlockManagerMasterHeartbeat
[2025-06-05T08:47:45.354+0000] {spark_submit.py:521} INFO - 25/06/05 08:47:45 INFO DiskBlockManager: Created local directory at /tmp/blockmgr-a4759443-17d4-4e0c-8792-fecbbdee6ded
[2025-06-05T08:47:45.367+0000] {spark_submit.py:521} INFO - 25/06/05 08:47:45 INFO MemoryStore: MemoryStore started with capacity 434.4 MiB
[2025-06-05T08:47:45.381+0000] {spark_submit.py:521} INFO - 25/06/05 08:47:45 INFO SparkEnv: Registering OutputCommitCoordinator
[2025-06-05T08:47:45.496+0000] {spark_submit.py:521} INFO - 25/06/05 08:47:45 INFO JettyUtils: Start Jetty 0.0.0.0:4040 for SparkUI
[2025-06-05T08:47:45.540+0000] {spark_submit.py:521} INFO - 25/06/05 08:47:45 INFO Utils: Successfully started service 'SparkUI' on port 4040.
[2025-06-05T08:47:45.641+0000] {spark_submit.py:521} INFO - 25/06/05 08:47:45 INFO StandaloneAppClient$ClientEndpoint: Connecting to master spark://spark-master:7077...
[2025-06-05T08:47:45.684+0000] {spark_submit.py:521} INFO - 25/06/05 08:47:45 INFO TransportClientFactory: Successfully created connection to spark-master/172.18.0.3:7077 after 22 ms (0 ms spent in bootstraps)
[2025-06-05T08:47:45.902+0000] {spark_submit.py:521} INFO - 25/06/05 08:47:45 INFO StandaloneSchedulerBackend: Connected to Spark cluster with app ID app-20250605084745-0000
[2025-06-05T08:47:45.909+0000] {spark_submit.py:521} INFO - 25/06/05 08:47:45 INFO Utils: Successfully started service 'org.apache.spark.network.netty.NettyBlockTransferService' on port 44385.
[2025-06-05T08:47:45.910+0000] {spark_submit.py:521} INFO - 25/06/05 08:47:45 INFO NettyBlockTransferService: Server created on d8f42655c8a1:44385
[2025-06-05T08:47:45.911+0000] {spark_submit.py:521} INFO - 25/06/05 08:47:45 INFO BlockManager: Using org.apache.spark.storage.RandomBlockReplicationPolicy for block replication policy
[2025-06-05T08:47:45.917+0000] {spark_submit.py:521} INFO - 25/06/05 08:47:45 INFO BlockManagerMaster: Registering BlockManager BlockManagerId(driver, d8f42655c8a1, 44385, None)
[2025-06-05T08:47:45.920+0000] {spark_submit.py:521} INFO - 25/06/05 08:47:45 INFO BlockManagerMasterEndpoint: Registering block manager d8f42655c8a1:44385 with 434.4 MiB RAM, BlockManagerId(driver, d8f42655c8a1, 44385, None)
[2025-06-05T08:47:45.923+0000] {spark_submit.py:521} INFO - 25/06/05 08:47:45 INFO BlockManagerMaster: Registered BlockManager BlockManagerId(driver, d8f42655c8a1, 44385, None)
[2025-06-05T08:47:45.924+0000] {spark_submit.py:521} INFO - 25/06/05 08:47:45 INFO BlockManager: Initialized BlockManager: BlockManagerId(driver, d8f42655c8a1, 44385, None)
[2025-06-05T08:47:45.935+0000] {spark_submit.py:521} INFO - 25/06/05 08:47:45 INFO StandaloneAppClient$ClientEndpoint: Executor added: app-20250605084745-0000/0 on worker-20250605084156-172.18.0.4-34891 (172.18.0.4:34891) with 2 core(s)
[2025-06-05T08:47:45.937+0000] {spark_submit.py:521} INFO - 25/06/05 08:47:45 INFO StandaloneSchedulerBackend: Granted executor ID app-20250605084745-0000/0 on hostPort 172.18.0.4:34891 with 2 core(s), 1024.0 MiB RAM
[2025-06-05T08:47:46.111+0000] {spark_submit.py:521} INFO - 25/06/05 08:47:46 INFO StandaloneSchedulerBackend: SchedulerBackend is ready for scheduling beginning after reached minRegisteredResourcesRatio: 0.0
[2025-06-05T08:47:46.172+0000] {spark_submit.py:521} INFO - 25/06/05 08:47:46 INFO StandaloneAppClient$ClientEndpoint: Executor updated: app-20250605084745-0000/0 is now RUNNING
[2025-06-05T08:47:46.668+0000] {spark_submit.py:521} INFO - 25/06/05 08:47:46 INFO SparkContext: Starting job: collect at /opt/bitnami/spark/app/wordcount.py:10
[2025-06-05T08:47:46.701+0000] {spark_submit.py:521} INFO - 25/06/05 08:47:46 INFO DAGScheduler: Registering RDD 2 (reduceByKey at /opt/bitnami/spark/app/wordcount.py:9) as input to shuffle 0
[2025-06-05T08:47:46.708+0000] {spark_submit.py:521} INFO - 25/06/05 08:47:46 INFO DAGScheduler: Got job 0 (collect at /opt/bitnami/spark/app/wordcount.py:10) with 2 output partitions
[2025-06-05T08:47:46.709+0000] {spark_submit.py:521} INFO - 25/06/05 08:47:46 INFO DAGScheduler: Final stage: ResultStage 1 (collect at /opt/bitnami/spark/app/wordcount.py:10)
[2025-06-05T08:47:46.710+0000] {spark_submit.py:521} INFO - 25/06/05 08:47:46 INFO DAGScheduler: Parents of final stage: List(ShuffleMapStage 0)
[2025-06-05T08:47:46.712+0000] {spark_submit.py:521} INFO - 25/06/05 08:47:46 INFO DAGScheduler: Missing parents: List(ShuffleMapStage 0)
[2025-06-05T08:47:46.716+0000] {spark_submit.py:521} INFO - 25/06/05 08:47:46 INFO DAGScheduler: Submitting ShuffleMapStage 0 (PairwiseRDD[2] at reduceByKey at /opt/bitnami/spark/app/wordcount.py:9), which has no missing parents
[2025-06-05T08:47:46.786+0000] {spark_submit.py:521} INFO - 25/06/05 08:47:46 INFO MemoryStore: Block broadcast_0 stored as values in memory (estimated size 11.5 KiB, free 434.4 MiB)
[2025-06-05T08:47:46.831+0000] {spark_submit.py:521} INFO - 25/06/05 08:47:46 INFO MemoryStore: Block broadcast_0_piece0 stored as bytes in memory (estimated size 7.2 KiB, free 434.4 MiB)
[2025-06-05T08:47:46.834+0000] {spark_submit.py:521} INFO - 25/06/05 08:47:46 INFO BlockManagerInfo: Added broadcast_0_piece0 in memory on d8f42655c8a1:44385 (size: 7.2 KiB, free: 434.4 MiB)
[2025-06-05T08:47:46.838+0000] {spark_submit.py:521} INFO - 25/06/05 08:47:46 INFO SparkContext: Created broadcast 0 from broadcast at DAGScheduler.scala:1585
[2025-06-05T08:47:46.853+0000] {spark_submit.py:521} INFO - 25/06/05 08:47:46 INFO DAGScheduler: Submitting 2 missing tasks from ShuffleMapStage 0 (PairwiseRDD[2] at reduceByKey at /opt/bitnami/spark/app/wordcount.py:9) (first 15 tasks are for partitions Vector(0, 1))
[2025-06-05T08:47:46.854+0000] {spark_submit.py:521} INFO - 25/06/05 08:47:46 INFO TaskSchedulerImpl: Adding task set 0.0 with 2 tasks resource profile 0
[2025-06-05T08:47:48.209+0000] {spark_submit.py:521} INFO - 25/06/05 08:47:48 INFO StandaloneSchedulerBackend$StandaloneDriverEndpoint: Registered executor NettyRpcEndpointRef(spark-client://Executor) (172.18.0.4:52260) with ID 0,  ResourceProfileId 0
[2025-06-05T08:47:48.274+0000] {spark_submit.py:521} INFO - 25/06/05 08:47:48 INFO BlockManagerMasterEndpoint: Registering block manager 172.18.0.4:38263 with 434.4 MiB RAM, BlockManagerId(0, 172.18.0.4, 38263, None)
[2025-06-05T08:47:48.334+0000] {spark_submit.py:521} INFO - 25/06/05 08:47:48 INFO TaskSetManager: Starting task 0.0 in stage 0.0 (TID 0) (172.18.0.4, executor 0, partition 0, PROCESS_LOCAL, 9011 bytes)
[2025-06-05T08:47:48.338+0000] {spark_submit.py:521} INFO - 25/06/05 08:47:48 INFO TaskSetManager: Starting task 1.0 in stage 0.0 (TID 1) (172.18.0.4, executor 0, partition 1, PROCESS_LOCAL, 9052 bytes)
[2025-06-05T08:47:48.569+0000] {spark_submit.py:521} INFO - 25/06/05 08:47:48 INFO BlockManagerInfo: Added broadcast_0_piece0 in memory on 172.18.0.4:38263 (size: 7.2 KiB, free: 434.4 MiB)
[2025-06-05T08:47:49.869+0000] {spark_submit.py:521} INFO - 25/06/05 08:47:49 INFO TaskSetManager: Finished task 1.0 in stage 0.0 (TID 1) in 1531 ms on 172.18.0.4 (executor 0) (1/2)
[2025-06-05T08:47:49.870+0000] {spark_submit.py:521} INFO - 25/06/05 08:47:49 INFO TaskSetManager: Finished task 0.0 in stage 0.0 (TID 0) in 1548 ms on 172.18.0.4 (executor 0) (2/2)
[2025-06-05T08:47:49.871+0000] {spark_submit.py:521} INFO - 25/06/05 08:47:49 INFO TaskSchedulerImpl: Removed TaskSet 0.0, whose tasks have all completed, from pool
[2025-06-05T08:47:49.875+0000] {spark_submit.py:521} INFO - 25/06/05 08:47:49 INFO PythonAccumulatorV2: Connected to AccumulatorServer at host: 127.0.0.1 port: 56249
[2025-06-05T08:47:49.880+0000] {spark_submit.py:521} INFO - 25/06/05 08:47:49 INFO DAGScheduler: ShuffleMapStage 0 (reduceByKey at /opt/bitnami/spark/app/wordcount.py:9) finished in 3.149 s
[2025-06-05T08:47:49.880+0000] {spark_submit.py:521} INFO - 25/06/05 08:47:49 INFO DAGScheduler: looking for newly runnable stages
[2025-06-05T08:47:49.881+0000] {spark_submit.py:521} INFO - 25/06/05 08:47:49 INFO DAGScheduler: running: Set()
[2025-06-05T08:47:49.881+0000] {spark_submit.py:521} INFO - 25/06/05 08:47:49 INFO DAGScheduler: waiting: Set(ResultStage 1)
[2025-06-05T08:47:49.882+0000] {spark_submit.py:521} INFO - 25/06/05 08:47:49 INFO DAGScheduler: failed: Set()
[2025-06-05T08:47:49.884+0000] {spark_submit.py:521} INFO - 25/06/05 08:47:49 INFO DAGScheduler: Submitting ResultStage 1 (PythonRDD[5] at collect at /opt/bitnami/spark/app/wordcount.py:10), which has no missing parents
[2025-06-05T08:47:49.891+0000] {spark_submit.py:521} INFO - 25/06/05 08:47:49 INFO MemoryStore: Block broadcast_1 stored as values in memory (estimated size 9.9 KiB, free 434.4 MiB)
[2025-06-05T08:47:49.893+0000] {spark_submit.py:521} INFO - 25/06/05 08:47:49 INFO MemoryStore: Block broadcast_1_piece0 stored as bytes in memory (estimated size 6.0 KiB, free 434.4 MiB)
[2025-06-05T08:47:49.893+0000] {spark_submit.py:521} INFO - 25/06/05 08:47:49 INFO BlockManagerInfo: Added broadcast_1_piece0 in memory on d8f42655c8a1:44385 (size: 6.0 KiB, free: 434.4 MiB)
[2025-06-05T08:47:49.894+0000] {spark_submit.py:521} INFO - 25/06/05 08:47:49 INFO SparkContext: Created broadcast 1 from broadcast at DAGScheduler.scala:1585
[2025-06-05T08:47:49.895+0000] {spark_submit.py:521} INFO - 25/06/05 08:47:49 INFO DAGScheduler: Submitting 2 missing tasks from ResultStage 1 (PythonRDD[5] at collect at /opt/bitnami/spark/app/wordcount.py:10) (first 15 tasks are for partitions Vector(0, 1))
[2025-06-05T08:47:49.896+0000] {spark_submit.py:521} INFO - 25/06/05 08:47:49 INFO TaskSchedulerImpl: Adding task set 1.0 with 2 tasks resource profile 0
[2025-06-05T08:47:49.900+0000] {spark_submit.py:521} INFO - 25/06/05 08:47:49 INFO TaskSetManager: Starting task 0.0 in stage 1.0 (TID 2) (172.18.0.4, executor 0, partition 0, NODE_LOCAL, 8821 bytes)
[2025-06-05T08:47:49.900+0000] {spark_submit.py:521} INFO - 25/06/05 08:47:49 INFO TaskSetManager: Starting task 1.0 in stage 1.0 (TID 3) (172.18.0.4, executor 0, partition 1, NODE_LOCAL, 8821 bytes)
[2025-06-05T08:47:49.919+0000] {spark_submit.py:521} INFO - 25/06/05 08:47:49 INFO BlockManagerInfo: Added broadcast_1_piece0 in memory on 172.18.0.4:38263 (size: 6.0 KiB, free: 434.4 MiB)
[2025-06-05T08:47:49.991+0000] {spark_submit.py:521} INFO - 25/06/05 08:47:49 INFO MapOutputTrackerMasterEndpoint: Asked to send map output locations for shuffle 0 to 172.18.0.4:52260
[2025-06-05T08:47:50.154+0000] {spark_submit.py:521} INFO - 25/06/05 08:47:50 INFO TaskSetManager: Finished task 0.0 in stage 1.0 (TID 2) in 255 ms on 172.18.0.4 (executor 0) (1/2)
[2025-06-05T08:47:50.155+0000] {spark_submit.py:521} INFO - 25/06/05 08:47:50 INFO TaskSetManager: Finished task 1.0 in stage 1.0 (TID 3) in 254 ms on 172.18.0.4 (executor 0) (2/2)
[2025-06-05T08:47:50.155+0000] {spark_submit.py:521} INFO - 25/06/05 08:47:50 INFO TaskSchedulerImpl: Removed TaskSet 1.0, whose tasks have all completed, from pool
[2025-06-05T08:47:50.156+0000] {spark_submit.py:521} INFO - 25/06/05 08:47:50 INFO DAGScheduler: ResultStage 1 (collect at /opt/bitnami/spark/app/wordcount.py:10) finished in 0.266 s
[2025-06-05T08:47:50.159+0000] {spark_submit.py:521} INFO - 25/06/05 08:47:50 INFO DAGScheduler: Job 0 is finished. Cancelling potential speculative or zombie tasks for this job
[2025-06-05T08:47:50.159+0000] {spark_submit.py:521} INFO - 25/06/05 08:47:50 INFO TaskSchedulerImpl: Killing all running tasks in stage 1: Stage finished
[2025-06-05T08:47:50.160+0000] {spark_submit.py:521} INFO - 25/06/05 08:47:50 INFO DAGScheduler: Job 0 finished: collect at /opt/bitnami/spark/app/wordcount.py:10, took 3.491859 s
[2025-06-05T08:47:50.176+0000] {spark_submit.py:521} INFO - [('hello', 3), ('world', 1), ('***', 1), ('spark', 1)]
[2025-06-05T08:47:50.176+0000] {spark_submit.py:521} INFO - 25/06/05 08:47:50 INFO SparkContext: SparkContext is stopping with exitCode 0.
[2025-06-05T08:47:50.185+0000] {spark_submit.py:521} INFO - 25/06/05 08:47:50 INFO SparkUI: Stopped Spark web UI at http://d8f42655c8a1:4040
[2025-06-05T08:47:50.188+0000] {spark_submit.py:521} INFO - 25/06/05 08:47:50 INFO StandaloneSchedulerBackend: Shutting down all executors
[2025-06-05T08:47:50.189+0000] {spark_submit.py:521} INFO - 25/06/05 08:47:50 INFO StandaloneSchedulerBackend$StandaloneDriverEndpoint: Asking each executor to shut down
[2025-06-05T08:47:50.202+0000] {spark_submit.py:521} INFO - 25/06/05 08:47:50 INFO MapOutputTrackerMasterEndpoint: MapOutputTrackerMasterEndpoint stopped!
[2025-06-05T08:47:50.224+0000] {spark_submit.py:521} INFO - 25/06/05 08:47:50 INFO MemoryStore: MemoryStore cleared
[2025-06-05T08:47:50.225+0000] {spark_submit.py:521} INFO - 25/06/05 08:47:50 INFO BlockManager: BlockManager stopped
[2025-06-05T08:47:50.231+0000] {spark_submit.py:521} INFO - 25/06/05 08:47:50 INFO BlockManagerMaster: BlockManagerMaster stopped
[2025-06-05T08:47:50.233+0000] {spark_submit.py:521} INFO - 25/06/05 08:47:50 INFO OutputCommitCoordinator$OutputCommitCoordinatorEndpoint: OutputCommitCoordinator stopped!
[2025-06-05T08:47:50.246+0000] {spark_submit.py:521} INFO - 25/06/05 08:47:50 INFO SparkContext: Successfully stopped SparkContext
[2025-06-05T08:47:51.206+0000] {spark_submit.py:521} INFO - 25/06/05 08:47:51 INFO ShutdownHookManager: Shutdown hook called
[2025-06-05T08:47:51.206+0000] {spark_submit.py:521} INFO - 25/06/05 08:47:51 INFO ShutdownHookManager: Deleting directory /tmp/spark-1eda57cd-f7f8-48ae-a186-6dcabad1dfbf
[2025-06-05T08:47:51.209+0000] {spark_submit.py:521} INFO - 25/06/05 08:47:51 INFO ShutdownHookManager: Deleting directory /tmp/spark-1eda57cd-f7f8-48ae-a186-6dcabad1dfbf/pyspark-6d2a7204-fef1-454a-929d-2ce79941753c
[2025-06-05T08:47:51.213+0000] {spark_submit.py:521} INFO - 25/06/05 08:47:51 INFO ShutdownHookManager: Deleting directory /tmp/spark-d029d35e-045d-4a1c-8f04-f55ee2e98a67
[2025-06-05T08:47:51.244+0000] {taskinstance.py:341} INFO - ::group::Post task execution logs
[2025-06-05T08:47:51.244+0000] {taskinstance.py:353} INFO - Marking task as SUCCESS. dag_id=spark_wordcount, task_id=run_wordcount, run_id=manual__2025-06-05T08:47:40.608217+00:00, execution_date=20250605T084740, start_date=20250605T084741, end_date=20250605T084751
[2025-06-05T08:47:51.310+0000] {local_task_job_runner.py:266} INFO - Task exited with return code 0
[2025-06-05T08:47:51.323+0000] {taskinstance.py:3901} INFO - 0 downstream tasks scheduled from follow-on schedule check
[2025-06-05T08:47:51.325+0000] {local_task_job_runner.py:245} INFO - ::endgroup::
